Proportion of cutoff: 20
=========================================================================================================
Play Number: 0

Speech Act Number Cutoff: 47
Number of Total Speakers: 23

Best model MultinomialNB(alpha=0.10000000000000001, class_prior=None, fit_prior=True)
32 features selected out of 64 total
F1 mean: 0.20 (+/- 0.03)

Highest and lowest weights in the model

Max: Body, -1.90628980001
Min: Filler, -8.70979505762

Max: Bio, -1.65205010171
Min: We, -8.50956416425

Max: Body, -1.80012521865
Min: Filler, -8.81314100829

Max: Bio, -2.14704335052
Min: Excl, -9.19542975924

Max: Bio, -2.27052145366
Min: Filler, -6.65368380679

Max: Body, -1.92183342582
Min: Filler, -8.98744678942

Max: Incl, -2.29457589686
Min: Filler, -8.15536212033

Max: Ipron, -2.10276098402
Min: Filler, -8.41449579318

             precision    recall  f1-score   support

          0       0.25      0.15      0.19        88
          1       0.33      0.39      0.36       103
          2       0.25      0.23      0.24        98
          3       0.29      0.15      0.20       111
          4       0.27      0.51      0.35       142
          6       0.39      0.24      0.30        88
          8       0.26      0.22      0.24        63
         10       0.46      0.39      0.42        59

avg / total       0.30      0.30      0.29       752

{'FIRST SOLDIER': 19, 'BERTRAM': 1, 'GENTLEMAN': 22, 'STEWARD': 9, 'HELENA': 3, 'SECOND GENTLEMAN': 14, 'COUNTESS OF ROUSILLON': 0, 'KING OF FRANCE': 6, 'FIRST GENTLEMAN': 15, 'SERVANT': 21, 'FIRST LORD': 7, 'FOURTH LORD': 12, 'CLOWN': 10, 'PAROLLES': 4, 'SECOND SOLDIER': 20, 'SECOND LORD': 8, 'WIDOW': 16, 'ALL': 11, 'DUKE OF FLORENCE': 13, 'MARIANA': 18, 'DIANA': 17, 'LAFEU': 2, 'PAGE': 5}

{0: 88, 1: 103, 2: 98, 3: 111, 4: 142, 5: 1, 6: 88, 7: 40, 8: 63, 9: 6, 10: 59, 11: 2, 12: 1, 13: 6, 14: 6, 15: 6, 16: 21, 17: 45, 18: 5, 19: 38, 20: 2, 21: 1, 22: 9}
=========================================================================================================

=========================================================================================================
Play Number: 1

Speech Act Number Cutoff: 58
Number of Total Speakers: 59

Best model MultinomialNB(alpha=0.10000000000000001, class_prior=None, fit_prior=True)
32 features selected out of 64 total
F1 mean: 0.24 (+/- 0.07)

Highest and lowest weights in the model

Max: AuxVb, -1.72955000643
Min: Space, -6.88229094012

Max: AuxVb, -1.67968421162
Min: Space, -7.84605653763

Max: AuxVb, -1.7468894245
Min: Space, -7.90174751852

Max: Filler, -1.69762545807
Min: Space, -6.90611757504

Max: AuxVb, -1.62947346117
Min: Space, -9.42963653156

             precision    recall  f1-score   support

          1       0.41      0.50      0.45       204
          2       0.35      0.51      0.41       206
          5       0.33      0.10      0.15        63
          8       0.48      0.28      0.35       111
         13       0.44      0.21      0.28        96

avg / total       0.40      0.39      0.37       680

{'FIRST WATCH': 46, 'FIRST SOLDIER': 39, 'CHARMIAN': 5, 'GALLUS': 55, 'VENTIDIUS': 27, 'PHILO': 0, 'SERVANT': 37, 'CLEOPATRA': 1, 'VARRIUS': 19, 'SCARUS': 33, 'POMPEY': 16, 'SOLDIER': 31, 'SILIUS': 28, 'MESSENGER': 3, 'CANIDIUS': 30, 'SOLDIERS': 43, 'CENTURION': 45, 'MAECENAS': 20, 'SECOND ATTENDANT': 11, 'BOTH': 23, 'GUARDSMAN': 57, 'SECOND WATCH': 47, 'FOURTH SOLDIER': 42, 'FIRST ATTENDANT': 10, 'EGYPTIAN': 53, 'THYMUS': 38, 'ENOBARBUS': 8, 'SECOND MESSENGER': 12, 'DIOMEDES': 52, 'CAESAR': 13, 'ALEXAS': 6, 'MENECRATES': 17, 'EUPHRONIUS': 35, 'ANTONY': 2, 'EROS': 29, 'THYREUS': 36, 'MARDIAN': 15, 'SECOND SOLDIER': 40, 'SELEUCUS': 56, 'AGRIPPA': 21, 'TAURUS': 32, 'LEPIDUS': 14, 'OCTAVIA': 22, 'CLOWN': 58, 'FIRST GUARD': 48, 'IRAS': 9, 'SECOND GUARD': 49, 'ALL': 24, 'FIRST SERVANT': 25, 'PROCULEIUS': 54, 'DEMETRIUS': 4, 'DERCETAS': 51, 'SECOND SERVANT': 26, 'THIRD SOLDIER': 41, 'THIRD GUARD': 50, 'SOOTHSAYER': 7, 'CAPTAIN': 44, 'MENAS': 18, 'DOLABELLA': 34}

{0: 2, 1: 204, 2: 206, 3: 43, 4: 2, 5: 63, 6: 15, 7: 14, 8: 111, 9: 18, 10: 1, 11: 1, 12: 2, 13: 96, 14: 30, 15: 7, 16: 41, 17: 2, 18: 35, 19: 1, 20: 15, 21: 28, 22: 14, 23: 1, 24: 9, 25: 4, 26: 3, 27: 4, 28: 3, 29: 26, 30: 10, 31: 13, 32: 1, 33: 11, 34: 23, 35: 6, 36: 11, 37: 4, 38: 1, 39: 6, 40: 8, 41: 7, 42: 2, 43: 2, 44: 1, 45: 5, 46: 5, 47: 5, 48: 11, 49: 4, 50: 1, 51: 5, 52: 7, 53: 2, 54: 10, 55: 1, 56: 3, 57: 2, 58: 8}
=========================================================================================================

=========================================================================================================
Play Number: 2

Speech Act Number Cutoff: 40
Number of Total Speakers: 25

Best model MultinomialNB(alpha=1.6000000000000001, class_prior=None, fit_prior=True)
32 features selected out of 64 total
F1 mean: 0.19 (+/- 0.04)

Highest and lowest weights in the model

Max: SheHe, -1.37193445499
Min: Filler, -6.61103246188

Max: SheHe, -1.44811239338
Min: Filler, -6.40129511273

Max: SheHe, -1.31708320056
Min: Filler, -6.9177817684

Max: SheHe, -1.48901687115
Min: Filler, -6.12299875438

Max: SheHe, -1.48732658635
Min: Filler, -6.21360759809

             precision    recall  f1-score   support

          0       0.36      0.21      0.26       121
          5       0.36      0.22      0.28       108
          6       0.40      0.76      0.53       199
          7       0.54      0.20      0.29        74
         16       0.44      0.12      0.19        57

avg / total       0.41      0.40      0.36       559

{'DUKE SENIOR': 10, 'CELIA': 5, 'FREDERICK': 9, 'ROSALIND': 6, 'LE BEAU': 8, 'JAQUES': 16, 'DENNIS': 3, 'OLIVER': 2, 'CHARLES': 4, 'SECOND PAGE': 22, 'ADAM': 1, 'SILVIUS': 15, 'TOUCHSTONE': 7, 'FIRST LORD': 12, 'HYMEN': 23, 'JAQUES DE BOYS': 24, 'ORLANDO': 0, 'AMIENS': 11, 'PHEBE': 19, 'AUDREY': 17, 'SECOND LORD': 13, 'CORIN': 14, 'MARTEXT': 18, 'WILLIAM': 20, 'FIRST PAGE': 21}

{0: 121, 1: 10, 2: 37, 3: 2, 4: 8, 5: 108, 6: 199, 7: 74, 8: 14, 9: 20, 10: 32, 11: 10, 12: 8, 13: 2, 14: 24, 15: 24, 16: 57, 17: 12, 18: 3, 19: 23, 20: 11, 21: 3, 22: 2, 23: 2, 24: 2}
=========================================================================================================

=========================================================================================================
Play Number: 3

Speech Act Number Cutoff: 30
Number of Total Speakers: 19

Best model MultinomialNB(alpha=0.10000000000000001, class_prior=None, fit_prior=True)
32 features selected out of 64 total
F1 mean: 0.22 (+/- 0.04)

Highest and lowest weights in the model

Max: Relig, -1.81554296525
Min: SheHe, -6.33634291147

Max: Friends, -2.12485475034
Min: Space, -5.75363028038

Max: Relig, -2.13529129462
Min: Time, -8.41005331586

Max: Friends, -1.89645373064
Min: Relativ, -6.45605582872

Max: Friends, -2.16664760377
Min: Time, -7.9380887269

Max: Relig, -1.62684357342
Min: Discrep, -6.12766283495

Max: Relig, -1.89453361729
Min: Discrep, -7.49665243817

             precision    recall  f1-score   support

          4       0.31      0.58      0.41       103
          5       0.43      0.44      0.44        99
          6       0.47      0.24      0.32        63
          7       0.39      0.33      0.36        79
          8       0.39      0.16      0.23        43
          9       0.45      0.37      0.41        76
         12       0.45      0.29      0.35        31

avg / total       0.40      0.38      0.37       494

{'ANGELO': 12, 'DUKE': 1, 'COURTEZAN': 15, 'ABBESS': 17, 'DROMIO OF SYRACUSE': 5, 'ANTIPHOLUS OF EPHESUS': 9, 'AEGEON': 0, 'FIRST MERCHANT': 3, 'LUCE': 11, 'MESSENGER': 18, 'DROMIO OF EPHESUS': 6, 'LUCIANA': 8, 'PINCH': 16, 'BALTHAZAR': 10, 'GAOLER': 2, 'SECOND MERCHANT': 13, 'ANTIPHOLUS OF SYRACUSE': 4, 'OFFICER': 14, 'ADRIANA': 7}

{0: 17, 1: 22, 2: 1, 3: 3, 4: 103, 5: 99, 6: 63, 7: 79, 8: 43, 9: 76, 10: 5, 11: 7, 12: 31, 13: 13, 14: 11, 15: 11, 16: 6, 17: 16, 18: 2}
=========================================================================================================

=========================================================================================================
Play Number: 4

Speech Act Number Cutoff: 55
Number of Total Speakers: 61

Best model MultinomialNB(alpha=1.6000000000000001, class_prior=None, fit_prior=True)
32 features selected out of 64 total
F1 mean: 0.24 (+/- 0.07)

Highest and lowest weights in the model

Max: Friends, -1.41041833801
Min: Space, -5.67494972456

Max: Friends, -1.58645412223
Min: Leisure, -5.8010478126

Max: Friends, -1.32413223238
Min: Relig, -6.46944409647

Max: Friends, -1.26369203903
Min: Verbs, -6.01728223013

Max: Friends, -1.36093226714
Min: Space, -5.52501016737

Max: Friends, -1.37404079098
Min: Relig, -6.01629265187

             precision    recall  f1-score   support

          3       0.44      0.42      0.43       165
          4       0.45      0.69      0.55       193
          7       0.36      0.06      0.10        66
          9       0.37      0.51      0.43       119
         10       0.37      0.18      0.24        91
         13       0.47      0.16      0.24        57

avg / total       0.42      0.42      0.39       691

{'FIRST WATCH': 49, 'FIRST SOLDIER': 17, 'SECOND CONSPIRATOR': 53, 'FIRST CITIZEN': 0, 'AEDILE': 40, 'SENATORS': 27, 'THIRD LORD': 60, 'LARTIUS': 8, 'THIRD CITIZEN': 28, 'LIEUTENANT': 22, 'ROMAN': 41, 'COMINIUS': 7, 'MESSENGER': 5, 'CITIZEN': 43, 'FIRST PATRICIAN': 39, 'AUFIDIUS': 11, 'BRUTUS': 10, 'SICINIUS': 9, 'PLEBEIANS': 37, 'SECOND CITIZEN': 2, 'SECOND WATCH': 50, 'VOLSCE': 42, 'HERALD': 24, 'SECOND MESSENGER': 48, 'THIRD CONSPIRATOR': 54, 'FIRST CONSPIRATOR': 52, 'FIRST OFFICER': 25, 'LORDS': 55, 'PATRICIANS': 36, 'SECOND SENATOR': 12, 'FIRST SENATOR': 6, 'VALERIA': 16, 'MENENIUS': 3, 'MARCIUS': 4, 'BOTH': 47, 'THIRD SERVANT': 46, 'VIRGILIA': 14, 'FIRST LORD': 56, 'AEDILES': 38, 'VOLUMNIA': 13, 'SEVENTH CITIZEN': 33, 'SECOND CITIZENS': 34, 'FIRST SERVANT': 44, 'SECOND LORD': 59, 'GENTLEWOMAN': 15, 'BOTH CITIZENS': 31, 'FIRST ROMAN': 19, 'BOTH TRIBUNES': 23, 'ALL': 1, 'SECOND SOLDIER': 18, 'FIFTH CITIZEN': 30, 'BOY': 51, 'SIXTH CITIZEN': 32, 'CITIZENS': 35, 'SECOND SERVANT': 45, 'FOURTH CITIZEN': 29, 'SECOND ROMAN': 20, 'ALL THE PEOPLE': 58, 'THIRD ROMAN': 21, 'SECOND OFFICER': 26, 'CONSPIRATORS': 57}

{0: 34, 1: 16, 2: 17, 3: 165, 4: 193, 5: 13, 6: 22, 7: 66, 8: 24, 9: 119, 10: 91, 11: 45, 12: 4, 13: 57, 14: 26, 15: 1, 16: 14, 17: 8, 18: 1, 19: 1, 20: 1, 21: 1, 22: 4, 23: 7, 24: 2, 25: 4, 26: 3, 27: 1, 28: 14, 29: 3, 30: 1, 31: 1, 32: 1, 33: 1, 34: 1, 35: 3, 36: 4, 37: 13, 38: 1, 39: 1, 40: 9, 41: 10, 42: 9, 43: 3, 44: 17, 45: 17, 46: 20, 47: 3, 48: 4, 49: 12, 50: 6, 51: 1, 52: 3, 53: 2, 54: 3, 55: 3, 56: 4, 57: 2, 58: 1, 59: 3, 60: 1}
=========================================================================================================

=========================================================================================================
Play Number: 5

Speech Act Number Cutoff: 43
Number of Total Speakers: 40

Best model MultinomialNB(alpha=0.59999999999999998, class_prior=None, fit_prior=True)
32 features selected out of 64 total
F1 mean: 0.17 (+/- 0.04)

Highest and lowest weights in the model

Max: Inhib, -2.19810777457
Min: Ipron, -6.33925640299

Max: Inhib, -2.20462703375
Min: Ipron, -7.59521967641

Max: Numbers, -2.31206383695
Min: Ipron, -6.82292334347

Max: You, -2.28783030993
Min: Relativ, -6.47748505196

Max: Inhib, -2.33765204307
Min: Ipron, -5.90365739903

Max: Inhib, -2.19349844354
Min: Ipron, -6.28366763435

Max: Inhib, -2.21757025924
Min: Ipron, -7.04053639022

Max: AuxVb, -2.18131236889
Min: Ipron, -6.29218623307

Max: Posemo, -2.25301030736
Min: Ipron, -6.18483594009

             precision    recall  f1-score   support

          3       0.35      0.28      0.31        78
          4       0.25      0.60      0.35       121
          5       0.35      0.27      0.30        83
          6       0.32      0.20      0.25        59
          8       0.38      0.19      0.26        78
         11       0.42      0.39      0.40        77
         18       0.29      0.07      0.11        60
         19       0.33      0.24      0.28        59
         20       0.25      0.20      0.22        46

avg / total       0.33      0.30      0.29       661

{'FIRST GAOLER': 30, 'PHILARIO': 12, 'PISANIO': 6, 'IACHIMO': 11, 'MUSICIANS': 15, 'MESSENGER': 16, 'SECOND GAOLER': 31, 'GUIDERIUS': 19, 'BOTH': 24, 'CYMBELINE': 5, 'IMOGEN': 4, 'FIRST GENTLEMAN': 0, 'LUCIUS': 17, 'POSTHUMUS': 3, 'JUPITER': 37, 'CAPTAIN': 25, 'MOTHER': 33, 'BELARIUS': 18, 'SECOND SENATOR': 23, 'FRENCHMAN': 13, 'FIRST LORD': 7, 'BROTHERS': 36, 'SECOND BROTHER': 35, 'FIRST BROTHER': 34, 'LORD': 27, 'SECOND GENTLEMAN': 1, 'SECOND LORD': 9, 'FIRST CAPTAIN': 28, 'LADY': 10, 'SICILIUS': 32, 'SECOND CAPTAIN': 29, 'ALL': 38, 'CLOTEN': 8, 'QUEEN': 2, 'FIRST SENATOR': 21, 'ARVIRAGUS': 20, 'TRIBUNE': 22, 'SOOTHSAYER': 26, 'GAOLER': 39, 'CORNELIUS': 14}

{0: 10, 1: 9, 2: 29, 3: 78, 4: 121, 5: 83, 6: 59, 7: 12, 8: 78, 9: 21, 10: 10, 11: 77, 12: 14, 13: 7, 14: 13, 15: 1, 16: 3, 17: 25, 18: 60, 19: 59, 20: 46, 21: 2, 22: 3, 23: 1, 24: 2, 25: 4, 26: 5, 27: 9, 28: 2, 29: 2, 30: 1, 31: 1, 32: 7, 33: 3, 34: 2, 35: 1, 36: 1, 37: 1, 38: 1, 39: 8}
=========================================================================================================

=========================================================================================================
Play Number: 6

Speech Act Number Cutoff: 56
Number of Total Speakers: 34

Best model MultinomialNB(alpha=1.6000000000000001, class_prior=None, fit_prior=True)
32 features selected out of 64 total
F1 mean: 0.15 (+/- 0.04)

Highest and lowest weights in the model

Max: Friends, -1.94003814158
Min: Space, -5.56540418997

Max: Friends, -2.0036017396
Min: Space, -6.70180679156

Max: Friends, -2.08035687355
Min: Space, -5.61038712706

Max: Friends, -2.09408534864
Min: Space, -6.19466046061

Max: Friends, -2.05249080783
Min: Space, -6.23060074373

Max: They, -2.18388420505
Min: Space, -5.00342991037

Max: Posemo, -2.0893686305
Min: Space, -5.37121925453

             precision    recall  f1-score   support

          2       0.35      0.13      0.19       108
          4       0.50      0.19      0.27       102
          6       0.23      0.05      0.08        62
          7       0.33      0.09      0.15        86
          8       0.45      0.86      0.59       358
          9       0.32      0.10      0.15        69
         12       0.35      0.12      0.18        58

avg / total       0.40      0.43      0.35       843

{'GUILDENSTERN': 16, 'AMBASSADOR': 33, 'SERVANT': 26, 'GENTLEMAN': 24, 'GENTLEMEN': 21, 'SAILOR': 27, 'SECOND CLOWN': 29, 'MESSENGER': 25, 'OSRIC': 31, 'MARCELLUS': 3, 'ROSENCRANTZ': 15, 'VOLTEMAND': 17, 'CAPTAIN': 23, 'PROLOGUE': 20, 'LORD': 32, 'FIRST PLAYER': 18, 'GHOST': 13, 'BOTH': 10, 'HORATIO': 2, 'BERNARDO': 0, 'KING': 4, 'LAERTES': 6, 'CLOWN': 28, 'HAMLET': 8, 'PLAYER': 19, 'POLONIUS': 7, 'ALL': 11, 'FRANCISCO': 1, 'OPHELIA': 12, 'QUEEN': 9, 'FORTINBRAS': 22, 'REYNALDO': 14, 'PRIEST': 30, 'CORNELIUS': 5}

{0: 19, 1: 8, 2: 108, 3: 31, 4: 102, 5: 1, 6: 62, 7: 86, 8: 358, 9: 69, 10: 9, 11: 6, 12: 58, 13: 15, 14: 13, 15: 45, 16: 29, 17: 1, 18: 6, 19: 2, 20: 1, 21: 1, 22: 5, 23: 7, 24: 2, 25: 3, 26: 1, 27: 2, 28: 33, 29: 12, 30: 2, 31: 25, 32: 3, 33: 1}
=========================================================================================================

=========================================================================================================
Play Number: 7

Speech Act Number Cutoff: 38
Number of Total Speakers: 33

Best model MultinomialNB(alpha=0.59999999999999998, class_prior=None, fit_prior=True)
32 features selected out of 64 total
F1 mean: 0.39 (+/- 0.08)

Highest and lowest weights in the model

Max: SheHe, -1.63017821107
Min: Space, -7.54638027368

Max: They, -1.67946311473
Min: Space, -7.19490596027

Max: They, -1.65280893424
Min: Space, -7.28670528143

             precision    recall  f1-score   support

          5       0.49      0.56      0.53       151
          6       0.52      0.57      0.54       168
          9       0.58      0.38      0.46       101

avg / total       0.52      0.52      0.52       420

{'HOSTESS': 22, 'SERVANT': 19, 'TRAVELLER': 16, 'DOUGLAS': 27, 'FALSTAFF': 5, 'VERNON': 29, 'MESSENGER': 28, 'HOTSPUR': 9, 'CHAMBERLAIN': 14, 'POINS': 0, 'KING': 3, 'GLENDOWER': 26, 'FIRST CARRIER': 11, 'SHERIFF': 23, 'BLUNT': 10, 'PETO': 1, 'NORTHUMBERLAND': 8, 'WORCESTER': 7, 'WESTMORELAND': 4, 'FRANCIS': 20, 'LANCASTER': 32, 'VINTNER': 21, 'THIEVES': 17, 'LADY': 18, 'PRINCE': 6, 'BARDOPH': 15, 'BARDOLPH': 2, 'ARCHBISHOP': 30, 'MORTIMER': 25, 'CARRIER': 24, 'SIR MICHAEL': 31, 'GADSHILL': 13, 'SECOND CARRIER': 12}

{0: 37, 1: 8, 2: 18, 3: 29, 4: 9, 5: 151, 6: 168, 7: 35, 8: 11, 9: 101, 10: 10, 11: 8, 12: 6, 13: 17, 14: 6, 15: 1, 16: 3, 17: 1, 18: 8, 19: 3, 20: 14, 21: 1, 22: 24, 23: 5, 24: 1, 25: 13, 26: 23, 27: 19, 28: 6, 29: 12, 30: 5, 31: 4, 32: 5}
=========================================================================================================

=========================================================================================================
Play Number: 8

Speech Act Number Cutoff: 45
Number of Total Speakers: 50

Best model MultinomialNB(alpha=1.6000000000000001, class_prior=None, fit_prior=True)
32 features selected out of 64 total
F1 mean: 0.26 (+/- 0.03)

Highest and lowest weights in the model

Max: Ipron, -1.86498147263
Min: Filler, -6.5770110504

Max: Ipron, -1.91348655953
Min: Filler, -5.83298157979

Max: Ipron, -1.88823022282
Min: Filler, -5.6295561523

Max: Ipron, -2.11986516383
Min: Filler, -6.59578051396

Max: Ipron, -1.82416576455
Min: Posemo, -6.25646955252

             precision    recall  f1-score   support

          6       0.51      0.83      0.63       186
          8       0.35      0.12      0.18        56
         13       0.52      0.27      0.35        49
         17       0.60      0.30      0.40        60
         30       0.56      0.38      0.45        77

avg / total       0.51      0.52      0.48       428

{'TRAVERS': 4, 'SHALLOW': 30, 'PRINCE HUMPHREY': 41, 'HOSTESS': 13, 'DOLL': 25, 'SERVANT': 9, 'PRINCE JOHN': 39, 'THIRD DRAWER': 24, 'WARWICK': 29, 'DAVY': 44, 'FALSTAFF': 6, 'FIRST BEADLE': 46, 'MESSENGER': 37, 'SECOND GROOM': 48, 'LADY PERCY': 21, 'SHADOW': 33, 'FEEBLE': 35, 'BROTHERS': 45, 'POINS': 18, 'CHIEF JUSTICE': 8, 'FANG': 14, 'MOWBRAY': 11, 'NORTHUMBERLAND': 3, 'MOULDY': 32, 'WESTMORELAND': 38, 'SECOND DRAWER': 23, 'SNARE': 15, 'FRANCIS': 22, 'COLVILLE': 40, 'PORTER': 2, 'HASTINGS': 12, 'CLARENCE': 42, 'KING': 28, 'WART': 34, 'BULLCALF': 36, 'PETO': 27, 'MORTON': 5, 'PRINCE': 17, 'SILENCE': 31, 'RUMOUR': 0, 'PISTOL': 26, 'FIRST GROOM': 47, 'BARDOLPH': 19, 'ARCHBISHOP': 10, 'LORD BARDOLPH': 1, 'PAGE': 7, 'THIRD GROOM': 49, 'HARCOURT': 43, 'GOWER': 16, 'LADY NORTHUMBERLAND': 20}

{0: 1, 1: 18, 2: 2, 3: 17, 4: 1, 5: 6, 6: 186, 7: 17, 8: 56, 9: 7, 10: 25, 11: 18, 12: 17, 13: 49, 14: 7, 15: 2, 16: 4, 17: 60, 18: 28, 19: 30, 20: 2, 21: 2, 22: 4, 23: 2, 24: 2, 25: 31, 26: 31, 27: 1, 28: 33, 29: 26, 30: 77, 31: 22, 32: 5, 33: 2, 34: 2, 35: 7, 36: 5, 37: 1, 38: 21, 39: 26, 40: 5, 41: 10, 42: 13, 43: 1, 44: 14, 45: 1, 46: 4, 47: 1, 48: 1, 49: 1}
=========================================================================================================

=========================================================================================================
Play Number: 9

Speech Act Number Cutoff: 35
Number of Total Speakers: 47

Best model MultinomialNB(alpha=1.1000000000000001, class_prior=None, fit_prior=True)
32 features selected out of 64 total
F1 mean: 0.39 (+/- 0.12)

Highest and lowest weights in the model

Max: AuxVb, -1.74078831842
Min: Friends, -6.15340657756

Max: AuxVb, -1.63503644072
Min: We, -6.33634291147

Max: AuxVb, -1.94149668969
Min: Affect, -5.59524230608

Max: Space, -1.85871250029
Min: Time, -6.16582438584

             precision    recall  f1-score   support

          0       0.59      0.74      0.66       147
          9       0.63      0.44      0.51        62
         18       0.38      0.20      0.26        40
         20       0.58      0.59      0.58        68

avg / total       0.57      0.58      0.56       317

{'FRENCH SOLDIER': 39, 'BEDFORD': 12, 'COURT': 33, 'HOSTESS': 10, 'BOY': 11, 'WARWICK': 41, 'QUEEN ISABEL': 43, 'JAMY': 22, 'CANTERBURY': 3, 'BRITAINE': 27, 'MESSENGER': 19, 'BURGUNDY': 44, 'NYM': 8, 'FLUELLEN': 20, 'BOURBON': 40, 'DAUPHIN': 17, 'LORDS': 45, 'YORK': 38, 'SCROOP': 13, 'GREY': 15, 'GOVERNOR': 24, 'HERALD': 42, 'WESTMORELAND': 2, 'MACMORRIS': 23, 'PISTOL': 9, 'EXETER': 1, 'AMBASSADOR': 5, 'BATES': 34, 'FRENCH KING': 16, 'CONSTABLE': 18, 'ALICE': 26, 'ELY': 4, 'KING HENRY': 0, 'RAMBURES': 31, 'ALL': 46, 'CAMBRIDGE': 14, 'BARDOLPH': 7, 'GRANDPRE': 36, 'ERPINGHAM': 32, 'ORLEANS': 30, 'CHORUS': 6, 'KATHERINE': 25, 'SALISBURY': 37, 'MONTJOY': 28, 'GOWER': 21, 'WILLIAMS': 35, 'GLOUCESTER': 29}

{0: 147, 1: 22, 2: 9, 3: 7, 4: 1, 5: 2, 6: 5, 7: 16, 8: 21, 9: 62, 10: 11, 11: 17, 12: 5, 13: 5, 14: 5, 15: 4, 16: 19, 17: 31, 18: 40, 19: 4, 20: 68, 21: 27, 22: 4, 23: 4, 24: 1, 25: 33, 26: 22, 27: 2, 28: 11, 29: 5, 30: 29, 31: 5, 32: 5, 33: 1, 34: 7, 35: 28, 36: 1, 37: 2, 38: 1, 39: 10, 40: 2, 41: 1, 42: 1, 43: 5, 44: 8, 45: 1, 46: 1}
=========================================================================================================

=========================================================================================================
Play Number: 10

Speech Act Number Cutoff: 32
Number of Total Speakers: 52

Best model MultinomialNB(alpha=1.1000000000000001, class_prior=None, fit_prior=True)
32 features selected out of 64 total
F1 mean: 0.25 (+/- 0.07)

Highest and lowest weights in the model

Max: SheHe, -1.59328752232
Min: Filler, -6.25242923122

Max: SheHe, -1.47399253745
Min: Filler, -6.01438174867

Max: SheHe, -1.49914885058
Min: Filler, -6.66185474055

Max: SheHe, -1.66925008013
Min: Article, -6.11795508193

Max: SheHe, -1.73726388336
Min: Filler, -6.3250104282

Max: SheHe, -1.35758425524
Min: Filler, -6.225817762

             precision    recall  f1-score   support

          1       0.39      0.30      0.34        47
          7       0.45      0.44      0.44        41
         11       0.39      0.37      0.38        46
         20       0.33      0.39      0.36        59
         30       0.43      0.34      0.38        56
         31       0.40      0.56      0.47        41

avg / total       0.40      0.39      0.39       290

{'BASSET': 43, 'BEDFORD': 0, 'BASTARD': 10, 'GENERAL OF THE FRENCH': 44, 'FIRST SENTINEL': 24, 'LAWYER': 35, 'BOY': 18, 'SERVANT': 47, 'WARWICK': 33, 'ALENCON': 8, 'LUCY': 45, 'TALBOT': 20, 'SOLDIER': 26, 'VERNON': 34, 'MESSENGER': 4, 'GLANSDALE': 22, 'SERGEANT': 23, 'FASTOLFE': 42, 'KING': 38, 'WOODVILLE': 15, 'PLANTAGENET': 30, 'FIRST SOLDIER': 40, 'GARGRAVE': 21, 'CHARLES': 7, 'BURGUNDY': 25, 'FIRST KEEPER': 37, 'SECOND MESSENGER': 5, 'SCOUT': 49, 'SOMERSET': 32, 'JOHN': 46, 'COUNTESS': 28, 'MAYOR': 16, 'PORTER': 29, 'EXETER': 2, 'SHEPHERD': 51, 'THIRD MESSENGER': 6, 'REIGNIER': 9, 'FIRST WARDER': 12, 'PUCELLE': 11, 'ALL': 39, 'CAPTAIN': 27, 'WINCHESTER': 3, 'MARGARET': 50, 'FIRST SERVING MAN': 14, 'WATCH': 41, 'MORTIMER': 36, 'SUFFOLK': 31, 'SALISBURY': 19, 'LEGATE': 48, 'GLOUCESTER': 1, 'SECOND WARDER': 13, 'OFFICER': 17}

{0: 19, 1: 47, 2: 11, 3: 26, 4: 9, 5: 1, 6: 4, 7: 41, 8: 19, 9: 22, 10: 12, 11: 46, 12: 2, 13: 1, 14: 2, 15: 2, 16: 5, 17: 2, 18: 2, 19: 4, 20: 59, 21: 2, 22: 1, 23: 1, 24: 2, 25: 17, 26: 1, 27: 4, 28: 13, 29: 1, 30: 56, 31: 41, 32: 27, 33: 24, 34: 12, 35: 2, 36: 9, 37: 2, 38: 29, 39: 1, 40: 1, 41: 2, 42: 3, 43: 7, 44: 1, 45: 14, 46: 11, 47: 1, 48: 1, 49: 2, 50: 22, 51: 4}
=========================================================================================================

=========================================================================================================
Play Number: 11

Speech Act Number Cutoff: 39
Number of Total Speakers: 66

Best model MultinomialNB(alpha=1.6000000000000001, class_prior=None, fit_prior=True)
32 features selected out of 64 total
F1 mean: 0.22 (+/- 0.07)

Highest and lowest weights in the model

Max: Filler, -1.96576722429
Min: Inhib, -6.0240527367

Max: They, -1.95430650401
Min: Inhib, -6.26005936133

Max: Filler, -2.04234455607
Min: Inhib, -6.19338446197

Max: Filler, -2.03342071815
Min: Discrep, -6.06987130196

Max: Filler, -1.91823310568
Min: Inhib, -6.28133173047

Max: Filler, -1.52295410074
Min: Discrep, -5.58868812892

             precision    recall  f1-score   support

          0       0.46      0.39      0.42        67
          1       0.34      0.66      0.44        82
          2       0.56      0.16      0.25        61
          4       0.43      0.38      0.40        69
          8       0.47      0.24      0.32        58
         49       0.38      0.46      0.42        61

avg / total       0.43      0.40      0.38       398

{'IDEN': 62, 'DICK': 50, 'SHERIFF': 34, 'BOLINGBROKE': 18, 'SMITH': 51, 'COMMONS': 39, 'CLIFFORD': 61, 'BUCKINGHAM': 9, 'FIRST CITIZEN': 59, 'MESSENGER': 12, 'CADE': 49, 'SECOND GENTLEMAN': 45, 'WARWICK': 7, 'SPIRIT': 19, 'LIEUTENANT': 41, 'BOTH': 26, 'SECOND NEIGHBOUR': 28, 'RICHARD': 64, 'YOUNG CLIFFORD': 65, 'WHITMORE': 46, 'SERVING MAN': 32, 'FIRST GENTLEMAN': 42, 'HERALD': 33, 'SECOND MURDERER': 38, 'DUCHESS': 11, 'SECOND MESSENGER': 57, 'SAY': 56, 'EDWARD': 63, 'MASTER': 43, 'TOWNSMAN': 21, 'HORNER': 17, 'STANLEY': 35, 'SOMERSET': 10, 'PETER': 16, 'MAYOR': 24, 'HUME': 13, 'MARGERY JOURDAIN': 20, 'SCALES': 58, 'VAUX': 40, 'BEADLE': 25, 'MICHAEL': 53, 'FIRST PRENTICE': 30, 'FIRST MURDERER': 37, 'FIRST NEIGHBOUR': 27, 'SECOND PETITIONER': 15, 'YORK': 8, 'FIRST PETITIONER': 14, 'POST': 36, 'GEORGE': 47, 'WILLIAM STAFFORD': 55, 'STAFFORD': 54, 'SOLDIER': 60, 'ALL': 3, 'JOHN': 48, 'WIFE': 23, 'CLERK': 52, 'QUEEN': 2, 'SUFFOLK': 0, 'SECOND PRENTICE': 31, 'MATE': 44, 'CARDINAL': 5, 'SALISBURY': 6, 'SIMPCOX': 22, 'GLOUCESTER': 4, 'THIRD NEIGHBOUR': 29, 'KING HENRY': 1}

{0: 67, 1: 82, 2: 61, 3: 12, 4: 69, 5: 31, 6: 17, 7: 32, 8: 58, 9: 24, 10: 11, 11: 21, 12: 4, 13: 6, 14: 4, 15: 3, 16: 8, 17: 5, 18: 7, 19: 5, 20: 1, 21: 2, 22: 18, 23: 7, 24: 2, 25: 1, 26: 1, 27: 1, 28: 1, 29: 1, 30: 1, 31: 1, 32: 2, 33: 1, 34: 2, 35: 4, 36: 1, 37: 4, 38: 1, 39: 2, 40: 1, 41: 11, 42: 4, 43: 1, 44: 1, 45: 1, 46: 8, 47: 9, 48: 10, 49: 61, 50: 24, 51: 9, 52: 2, 53: 3, 54: 6, 55: 5, 56: 13, 57: 1, 58: 2, 59: 1, 60: 1, 61: 17, 62: 9, 63: 1, 64: 6, 65: 4}
=========================================================================================================

=========================================================================================================
Play Number: 12

Speech Act Number Cutoff: 40
Number of Total Speakers: 44

Best model MultinomialNB(alpha=0.10000000000000001, class_prior=None, fit_prior=True)
32 features selected out of 64 total
F1 mean: 0.23 (+/- 0.09)

Highest and lowest weights in the model

Max: Hear, -1.46690378763
Min: Filler, -7.1149172571

Max: Hear, -1.57846848935
Min: Filler, -9.57512236481

Max: Hear, -1.60845295194
Min: Filler, -9.48736586424

Max: Hear, -1.51839602236
Min: Filler, -6.97643294928

Max: Hear, -1.66590773286
Min: Filler, -6.06621856903

Max: Hear, -1.49348632129
Min: Filler, -8.16678428906

             precision    recall  f1-score   support

          0       0.33      0.36      0.34       100
          2       0.38      0.63      0.48       134
          4       0.39      0.34      0.36       108
          6       0.51      0.37      0.43        71
         11       0.38      0.15      0.22        53
         17       0.67      0.10      0.17        40

avg / total       0.41      0.39      0.37       506

{'RICHARD': 4, 'FIRST MESSENGER': 41, 'MONTAGUE': 3, 'TUTOR': 16, 'MESSENGER': 13, 'WARWICK': 0, 'RUTLAND': 15, 'MONTGOMERY': 38, 'NOBLEMAN': 23, 'QUEEN ELIZABETH': 30, 'SECOND MESSENGER': 42, 'PRINCE OF WALES': 12, 'NORTHUMBERLAND': 7, 'FATHER': 19, 'SON': 18, 'FIRST KEEPER': 20, 'SIR JOHN': 14, 'WESTMORELAND': 9, 'BONA': 26, 'MAYOR': 37, 'EXETER': 10, 'NORFOLK': 5, 'CLARENCE': 17, 'LADY GREY': 22, 'HUNTSMAN': 35, 'SECOND WATCHMAN': 32, 'FIRST WATCHMAN': 31, 'YORK': 1, 'OXFORD': 25, 'POST': 27, 'RIVERS': 34, 'SOMERVILLE': 43, 'SOMERSET': 28, 'CLIFFORD': 8, 'ALL': 40, 'LIEUTENANT': 36, 'QUEEN MARGARET': 11, 'THIRD WATCHMAN': 33, 'EDWARD': 2, 'LEWIS': 24, 'SOLDIER': 39, 'HASTINGS': 29, 'SECOND KEEPER': 21, 'KING HENRY': 6}

{0: 100, 1: 38, 2: 134, 3: 10, 4: 108, 5: 3, 6: 71, 7: 15, 8: 35, 9: 6, 10: 13, 11: 53, 12: 16, 13: 12, 14: 1, 15: 7, 16: 2, 17: 40, 18: 4, 19: 4, 20: 7, 21: 9, 22: 24, 23: 1, 24: 21, 25: 13, 26: 4, 27: 3, 28: 11, 29: 9, 30: 6, 31: 5, 32: 5, 33: 3, 34: 5, 35: 2, 36: 1, 37: 3, 38: 5, 39: 1, 40: 1, 41: 1, 42: 1, 43: 3}
=========================================================================================================

=========================================================================================================
Play Number: 13

Speech Act Number Cutoff: 35
Number of Total Speakers: 46

Best model MultinomialNB(alpha=0.59999999999999998, class_prior=None, fit_prior=True)
32 features selected out of 64 total
F1 mean: 0.26 (+/- 0.07)

Highest and lowest weights in the model

Max: We, -1.77331362344
Min: Filler, -6.62273632395

Max: We, -2.16874643351
Min: Filler, -7.39449310722

Max: We, -2.10159105106
Min: Excl, -5.69279642244

Max: Relig, -1.87320371883
Min: Excl, -7.34407285057

Max: We, -2.34522139159
Min: Filler, -6.34035930373

Max: We, -1.63992092916
Min: Filler, -5.66527261989

             precision    recall  f1-score   support

          1       0.61      0.35      0.45        48
          3       0.33      0.42      0.37        81
          7       0.38      0.57      0.46        82
          8       0.55      0.44      0.49        50
         10       0.46      0.33      0.39        39
         17       0.40      0.16      0.23        37

avg / total       0.44      0.41      0.41       337

{'BOY': 36, 'SERVANT': 15, 'GARTER': 45, 'ABERGAVENNY': 2, 'GENTLEMAN': 27, 'BRANDON': 5, 'BUCKINGHAM': 0, 'MESSENGER': 34, 'CAPUCIUS': 35, 'CHAMBERLAIN': 10, 'SECRETARY': 4, 'KING': 7, 'QUEEN KATHARINE': 8, 'FIRST GENTLEMAN': 16, 'BUTTS': 40, 'CRIER': 24, 'CRANMER': 38, 'GENTLEMAN USHER': 25, 'ANNE': 14, 'CROMWELL': 29, 'PORTER': 43, 'OLD LADY': 22, 'SURREY': 28, 'LINCOLN': 26, 'NORFOLK': 1, 'BOTH': 31, 'VAUX': 18, 'CHANCELLOR': 41, 'GARDINER': 21, 'SURVEYOR': 9, 'KEEPER': 39, 'SECOND GENTLEMAN': 17, 'DENNY': 37, 'SCRIBE': 23, 'GRIFFITH': 32, 'WOLSEY': 3, 'ALL': 42, 'SANDYS': 11, 'PATIENCE': 33, 'CAMPEIUS': 20, 'LOVELL': 12, 'SUFFOLK': 19, 'SERGEANT': 6, 'THIRD GENTLEMAN': 30, 'GUILDFORD': 13, 'MAN': 44}

{0: 26, 1: 48, 2: 5, 3: 81, 4: 2, 5: 6, 6: 1, 7: 82, 8: 50, 9: 9, 10: 39, 11: 17, 12: 21, 13: 1, 14: 18, 15: 1, 16: 33, 17: 37, 18: 1, 19: 30, 20: 14, 21: 22, 22: 15, 23: 2, 24: 3, 25: 1, 26: 2, 27: 3, 28: 24, 29: 21, 30: 10, 31: 1, 32: 12, 33: 3, 34: 2, 35: 5, 36: 1, 37: 3, 38: 21, 39: 5, 40: 4, 41: 6, 42: 1, 43: 10, 44: 6, 45: 1}
=========================================================================================================

=========================================================================================================
Play Number: 14

Speech Act Number Cutoff: 27
Number of Total Speakers: 27

Best model MultinomialNB(alpha=0.10000000000000001, class_prior=None, fit_prior=True)
32 features selected out of 64 total
F1 mean: 0.21 (+/- 0.03)

Highest and lowest weights in the model

Max: Numbers, -1.65496487933
Min: Filler, -7.20191631753

Max: Numbers, -1.669466139
Min: Filler, -9.86120616028

Max: Numbers, -1.68407957063
Min: Filler, -8.79966169682

Max: Numbers, -1.58272007325
Min: Filler, -9.21850693464

Max: Numbers, -1.70327654902
Min: Filler, -8.66077391989

Max: Numbers, -1.74073414149
Min: Discrep, -8.48714627006

             precision    recall  f1-score   support

          0       0.39      0.49      0.43        95
          4       0.37      0.40      0.38        88
          8       0.47      0.38      0.42        45
         11       0.48      0.39      0.43        36
         17       0.52      0.36      0.43        36
         19       0.42      0.37      0.39        52

avg / total       0.42      0.41      0.41       352

{'BASTARD': 4, 'FRENCH HERALD': 14, 'BIGOT': 24, 'PANDULPH': 18, 'MESSENGER': 22, 'HUBERT': 19, 'CITIZEN': 13, 'GURNEY': 7, 'EXECUTIONER': 20, 'PEMBROKE': 21, 'ENGLISH HERALD': 15, 'LEWIS': 16, 'ROBERT': 5, 'ESSEX': 3, 'KING PHILIP': 8, 'ARTHUR': 9, 'KING JOHN': 0, 'AUSTRIA': 10, 'MELUN': 25, 'PRINCE HENRY': 26, 'CONSTANCE': 11, 'BLANCH': 12, 'ELINOR': 2, 'PETER': 23, 'CHATILLON': 1, 'SALISBURY': 17, 'LADY FAULCONBRIDGE': 6}

{0: 95, 1: 5, 2: 22, 3: 1, 4: 88, 5: 4, 6: 5, 7: 1, 8: 45, 9: 23, 10: 16, 11: 36, 12: 9, 13: 10, 14: 1, 15: 1, 16: 26, 17: 36, 18: 23, 19: 52, 20: 2, 21: 20, 22: 9, 23: 1, 24: 6, 25: 3, 26: 8}
=========================================================================================================

=========================================================================================================
Play Number: 15

Speech Act Number Cutoff: 39
Number of Total Speakers: 48

Best model MultinomialNB(alpha=1.6000000000000001, class_prior=None, fit_prior=True)
32 features selected out of 64 total
F1 mean: 0.21 (+/- 0.10)

Highest and lowest weights in the model

Max: Friends, -1.40321173334
Min: Filler, -5.90023976071

Max: Friends, -1.54466991946
Min: Filler, -5.72480984185

Max: Friends, -1.5137903602
Min: Filler, -6.69487141661

Max: Friends, -1.45707786213
Min: Filler, -6.33227518533

Max: Friends, -1.46934071834
Min: Filler, -6.5766838165

             precision    recall  f1-score   support

          4       0.47      0.17      0.25        40
          5       0.46      0.15      0.23        39
          7       0.73      0.22      0.33        51
          9       0.45      0.85      0.59       194
         10       0.50      0.20      0.29       138

avg / total       0.50      0.47      0.41       462

{'PORTIA': 17, 'FIRST CITIZEN': 24, 'MARULLUS': 2, 'FIRST SOLDIER': 33, 'SERVANT': 19, 'MESSENGER': 42, 'VARRO': 39, 'THIRD SOLDIER': 35, 'FOURTH CITIZEN': 28, 'DECIUS': 14, 'MESSALA': 37, 'BRUTUS': 9, 'FIRST COMMONER': 1, 'CASCA': 5, 'SECOND CITIZEN': 25, 'TITINIUS': 38, 'LIGARIUS': 18, 'CICERO': 11, 'CLAUDIO': 41, 'LUCIUS': 13, 'PINDARUS': 32, 'CAESAR': 4, 'LUCILIUS': 31, 'ANTONY': 7, 'SECOND COMMONER': 3, 'DARDANIUS': 45, 'GHOST': 40, 'STRATO': 47, 'VOLUMNIUS': 46, 'CASSIUS': 10, 'CALPURNIA': 6, 'LEPIDUS': 30, 'PUBLIUS': 20, 'FLAVIUS': 0, 'OCTAVIUS': 29, 'THIRD CITIZEN': 26, 'METELLUS': 15, 'ALL': 27, 'SECOND SOLDIER': 34, 'CINNA': 12, 'CLITUS': 44, 'CITIZENS': 23, 'ARTEMIDORUS': 21, 'CATO': 43, 'TREBONIUS': 16, 'POPILIUS': 22, 'POET': 36, 'SOOTHSAYER': 8}

{0: 5, 1: 1, 2: 6, 3: 6, 4: 40, 5: 39, 6: 6, 7: 51, 8: 9, 9: 194, 10: 138, 11: 4, 12: 19, 13: 24, 14: 12, 15: 5, 16: 4, 17: 16, 18: 5, 19: 11, 20: 2, 21: 3, 22: 2, 23: 1, 24: 18, 25: 18, 26: 16, 27: 12, 28: 16, 29: 19, 30: 3, 31: 10, 32: 5, 33: 4, 34: 2, 35: 1, 36: 3, 37: 20, 38: 10, 39: 6, 40: 3, 41: 2, 42: 1, 43: 3, 44: 8, 45: 3, 46: 3, 47: 4}
=========================================================================================================

=========================================================================================================
Play Number: 16

Speech Act Number Cutoff: 53
Number of Total Speakers: 22

