
Play: 0
0.30 0.39 0.76 0.46 0.43 0.36 0.91 0.45 0.59 0.47 0.53 0.52 
Play: 1
0.37 0.49 0.40 0.53 0.46 0.39 0.42 0.59 0.45 0.70 0.57 0.53 0.47 0.65 0.61 
Play: 2
0.67 0.51 0.29 0.46 0.49 0.69 0.55 0.76 0.62 0.63 0.38 0.35 
Play: 3
0.43 0.59 0.62 0.26 0.57 0.47 0.71 0.62 0.28 
Play: 4
0.40 0.66 0.60 0.29 0.32 0.43 0.41 0.35 0.30 0.38 0.39 0.34 0.55 0.32 0.47 0.45 0.64 
Play: 5
0.60 0.81 0.62 0.51 0.37 0.58 0.34 0.47 0.47 0.42 0.45 0.65 0.66 0.44 
Play: 6
0.60 0.44 0.35 0.38 0.29 0.40 0.69 0.37 0.51 0.51 0.48 0.67 0.38 
Play: 7
0.39 0.43 0.41 0.29 0.46 0.42 0.83 0.60 0.33 0.41 0.40 0.43 0.70 0.60 0.62 
Play: 8
0.46 0.36 0.60 0.46 0.57 0.49 0.37 0.55 0.43 0.49 0.31 0.36 0.46 0.48 0.31 0.47 0.28 0.51 0.45 0.64 0.67 
Play: 9
0.36 0.42 0.47 0.61 0.47 0.52 0.61 0.51 0.71 0.65 0.43 0.36 0.43 0.87 0.43 
Play: 10
0.54 0.31 0.36 0.68 0.39 0.29 0.38 0.56 0.40 0.44 0.37 0.43 0.54 0.39 0.58 0.71 
Play: 11
0.51 0.31 0.44 0.44 0.45 0.34 0.66 0.36 0.39 0.57 0.55 0.44 0.30 0.39 
Play: 12
0.26 0.35 0.53 0.24 0.37 0.40 0.39 0.35 0.36 0.35 0.34 0.35 0.34 
Play: 13
0.60 0.57 0.42 0.60 0.57 0.33 0.38 0.65 0.75 0.44 0.43 0.38 0.60 0.32 
Play: 14
0.33 0.72 0.68 0.38 0.46 0.55 0.29 0.36 0.48 0.37 0.38 0.31 
Play: 15
0.27 0.28 0.55 0.39 0.79 0.37 0.45 0.49 0.38 0.40 0.30 0.31 0.41 0.22 
Play: 16
0.30 0.28 0.43 0.42 0.41 0.80 0.22 0.32 0.74 0.25 0.21 0.20 0.32 
Play: 17
0.35 0.55 0.50 0.31 0.63 0.33 0.38 0.43 0.39 0.35 0.17 0.46 0.33 0.34 
Play: 18
0.52 0.58 0.54 0.51 0.63 0.63 0.36 0.40 0.47 0.56 0.52 0.57 
Play: 19
0.42 0.67 0.43 0.69 0.47 0.71 0.34 0.70 0.46 0.29 0.51 0.34 0.40 
Play: 20
0.79 0.69 0.47 0.45 0.37 0.43 0.35 0.46 0.58 0.54 0.60 0.42 0.44 0.53 0.40 0.38 
Play: 21
0.59 0.55 0.34 0.52 0.45 0.42 0.65 0.46 0.45 0.53 0.70 
Play: 22
0.42 0.45 0.49 0.64 0.36 0.57 0.40 0.34 0.43 0.57 0.30 0.54 0.54 0.31 0.48 0.52 
Play: 23
0.54 0.45 0.34 0.47 0.27 0.49 0.48 0.34 0.51 0.53 0.61 
Play: 24
0.48 0.65 0.40 0.54 0.46 0.83 0.57 0.80 0.45 0.36 
Play: 25
0.53 0.47 0.40 0.50 0.65 0.39 1.00 0.76 0.79 0.53 0.57 0.51 0.49 0.36 0.41 0.52 
Play: 26
0.56 0.50 0.64 0.46 0.49 0.66 0.56 0.67 0.58 0.77 0.70 0.54 
Play: 27
0.38 0.30 0.53 0.36 0.58 0.55 0.63 0.36 0.32 0.38 0.40 0.47 0.41 0.35 0.33 
Play: 28
0.41 0.45 0.33 0.56 0.32 0.44 0.58 0.60 0.34 0.45 0.92 
Play: 29
0.74 0.31 0.38 0.41 0.80 0.40 0.33 0.40 0.35 0.60 0.57 
Play: 30
0.53 0.47 0.33 0.40 0.40 0.41 0.32 0.49 0.35 
Play: 31
0.32 0.31 0.28 0.40 0.33 0.64 0.43 0.38 0.39 0.50 0.38 0.45 0.52 0.44 0.48 0.31 
Play: 32
0.50 0.49 0.44 0.40 0.33 0.34 0.50 0.70 0.75 0.55 0.39 
Play: 33
0.67 0.66 0.60 0.48 0.35 0.31 0.48 0.82 0.48 0.35 
Play: 34
0.33 0.35 0.55 0.29 0.60 0.43 0.57 0.53 0.40 0.57 0.38 0.43 0.35 
Play: 35
0.47 0.33 0.48 0.50 0.62 0.57 0.52 0.49 0.45 0.38 0.47 