
Play: 0
0.10 0.20 0.17 0.26 0.35 0.12 0.27 0.46 0.23 0.26 0.39 0.08 0.30 
Play: 1
0.10 0.12 0.03 0.20 0.07 0.13 0.12 0.13 0.12 0.13 0.12 0.30 0.07 0.16 0.14 0.30 0.03 0.05 0.13 0.17 0.10 0.17 0.11 0.08 0.06 
Play: 2
0.07 0.22 0.15 0.20 0.10 0.17 0.28 0.23 0.43 0.39 0.26 0.16 0.23 0.33 
Play: 3
0.12 0.05 0.07 0.33 0.07 0.07 0.17 0.07 0.14 0.33 0.05 0.30 0.20 0.11 
Play: 4
0.42 0.18 0.17 0.21 0.10 0.06 0.06 0.18 0.12 0.03 0.09 0.15 0.11 0.11 0.16 0.21 0.13 0.14 0.17 0.19 0.12 
Play: 5
0.41 0.17 0.24 0.19 0.08 0.18 0.08 0.16 0.13 0.33 0.33 0.12 0.20 0.48 0.14 0.07 0.03 0.15 
Play: 6
0.06 0.20 0.24 0.08 0.12 0.02 0.30 0.05 0.14 0.27 0.11 0.15 0.11 0.11 0.11 0.09 0.16 0.05 
Play: 7
0.10 0.33 0.12 0.23 0.08 0.11 0.26 0.03 0.02 0.24 0.05 0.10 0.21 0.40 0.12 0.13 0.03 0.19 
Play: 8
0.11 0.25 0.11 0.05 0.17 0.19 0.33 0.09 0.08 0.03 0.12 0.09 0.22 0.34 0.03 0.29 0.35 0.19 0.21 0.03 0.10 0.06 0.09 0.08 0.27 0.38 0.43 
Play: 9
0.33 0.11 0.17 0.02 0.02 0.29 0.14 0.25 0.05 0.05 0.28 0.15 0.03 0.05 0.26 0.14 0.18 0.07 0.05 0.21 0.25 0.06 0.10 0.36 0.07 
Play: 10
0.03 0.21 0.12 0.18 0.06 0.27 0.06 0.06 0.07 0.12 0.15 0.20 0.09 0.22 0.14 0.09 0.16 0.16 0.07 0.17 0.19 
Play: 11
0.12 0.06 0.05 0.12 0.09 0.10 0.03 0.19 0.12 0.05 0.06 0.05 0.08 0.07 0.27 0.08 0.16 0.03 0.03 0.17 0.08 0.06 0.18 0.14 0.03 0.08 0.10 
Play: 12
0.10 0.30 0.13 0.10 0.10 0.08 0.03 0.02 0.06 0.17 0.17 0.11 0.34 0.25 0.07 0.05 0.11 0.07 0.09 
Play: 13
0.05 0.23 0.24 0.13 0.12 0.38 0.12 0.65 0.06 0.11 0.22 0.04 0.14 0.05 0.38 0.08 0.19 0.05 0.44 0.22 0.33 
Play: 14
0.10 0.11 0.09 0.24 0.12 0.20 0.17 0.12 0.33 0.12 0.04 0.21 0.06 0.02 0.06 0.16 0.02 
Play: 15
0.10 0.06 0.04 0.03 0.05 0.07 0.12 0.06 0.02 0.10 0.06 0.06 0.08 0.08 0.10 0.05 0.05 0.04 0.13 0.10 0.05 
Play: 16
0.12 0.09 0.14 0.05 0.02 0.17 0.20 0.19 0.13 0.12 0.21 0.14 0.02 0.08 0.10 0.18 
Play: 17
0.06 0.22 0.05 0.07 0.33 0.07 0.20 0.09 0.08 0.11 0.06 0.04 0.09 0.09 0.47 0.05 
Play: 18
0.24 0.18 0.27 0.45 0.38 0.20 0.29 0.10 0.16 0.16 0.08 0.15 0.07 0.25 0.49 
Play: 19
0.09 0.67 0.13 0.49 0.17 0.46 0.11 0.47 0.15 0.04 0.27 0.30 0.17 0.10 
Play: 20
0.66 0.27 0.29 0.26 0.13 0.13 0.10 0.19 0.23 0.07 0.31 0.07 0.16 0.17 0.18 0.17 0.12 
Play: 21
0.49 0.14 0.13 0.14 0.12 0.07 0.16 0.08 0.02 0.11 0.05 0.12 0.03 0.12 0.06 0.05 0.21 
Play: 22
0.11 0.20 0.13 0.18 0.13 0.23 0.11 0.12 0.15 0.08 0.32 0.10 0.14 0.15 0.19 0.12 0.10 0.27 0.13 
Play: 23
0.08 0.04 0.16 0.10 0.08 0.05 0.24 0.12 0.12 0.11 0.18 0.17 0.26 0.21 0.16 
Play: 35
0.19 0.28 0.15 0.19 0.32 0.18 0.18 0.20 0.13 0.24 0.24 0.19 0.08 0.13 
Play: 34
0.09 0.08 0.03 0.10 0.06 0.02 0.07 0.04 0.13 0.07 0.25 0.07 0.11 0.12 0.09 0.10 0.05 
Play: 33
0.36 0.37 0.45 0.26 0.32 0.17 0.14 0.10 0.31 0.37 0.36 0.26 
Play: 32
0.21 0.12 0.26 0.22 0.20 0.18 0.18 0.26 0.23 0.13 0.29 
Play: 31
0.05 0.09 0.05 0.13 0.20 0.08 0.08 0.31 0.13 0.10 0.26 0.09 0.14 0.32 0.17 0.21 0.24 
Play: 30
0.17 0.09 0.10 0.06 0.06 0.07 0.18 0.08 0.07 0.10 0.14 0.12 0.06 0.07 0.19 
Play: 29
0.14 0.19 0.10 0.04 0.17 0.16 0.14 0.11 0.14 0.17 0.08 0.07 0.08 0.05 0.10 0.05 0.05 0.12 0.10 0.18 0.10 0.03 
Play: 28
0.14 0.08 0.08 0.12 0.13 0.18 0.21 0.18 0.42 0.30 0.11 0.19 0.20 
Play: 27
0.13 0.09 0.10 0.08 0.08 0.13 0.37 0.15 0.09 0.06 0.01 0.12 0.15 0.12 0.06 0.10 0.05 
Play: 26
0.31 0.13 0.30 0.03 0.24 0.17 0.19 0.04 0.04 0.24 0.35 0.40 0.03 0.34 0.16 0.04 0.18 0.46 0.07 
Play: 25
0.30 0.10 0.37 0.22 0.09 0.28 0.30 0.04 0.11 0.18 0.17 0.32 0.19 0.21 0.33 0.10 0.40 0.05 0.04 0.09 0.14 
Play: 24
0.13 0.25 0.23 0.15 0.17 0.12 0.10 0.42 0.13 0.18 0.23 0.50 0.15 0.24 0.19 0.11 