Proportion of cutoff: 20
=========================================================================================================
Play Number: 0

Speech Act Number Cutoff: 47
Number of Total Speakers: 23

Best model LogisticRegression(C=1.3000000000000003, class_weight=None, dual=False,
          fit_intercept=True, intercept_scaling=1, max_iter=200,
          multi_class='ovr', penalty='l1', random_state=None,
          solver='lbfgs', tol=0.0001, verbose=1)
64 features selected out of 64 total
F1 mean: 0.21 (+/- 0.04)

Highest and lowest weights in the model

Max: Friends, 0.486899106117
Min: Incl, -1.61744731162

Max: Affect, 0.962044652575
Min: SheHe, -1.21632272295

Max: Present, 1.05527165955
Min: Posemo, -0.814387003485

Max: Assent, 0.761503011625
Min: Present, -1.34562443329

Max: SheHe, 0.621520586574
Min: We, -1.13801712536

Max: Ipron, 1.43411181503
Min: Work, -0.920678721825

Max: Anx, 1.06202762795
Min: Tentat, -0.988064367891

Max: Money, 1.03157667308
Min: Ppron, -1.39836073847

             precision    recall  f1-score   support

          0       0.50      0.25      0.33        88
          1       0.40      0.42      0.41       103
          2       0.38      0.30      0.33        98
          3       0.43      0.35      0.39       111
          4       0.34      0.59      0.43       142
          6       0.50      0.59      0.54        88
          8       0.57      0.32      0.41        63
         10       0.59      0.49      0.54        59

avg / total       0.44      0.42      0.42       752

{'FIRST SOLDIER': 19, 'BERTRAM': 1, 'GENTLEMAN': 22, 'STEWARD': 9, 'HELENA': 3, 'SECOND GENTLEMAN': 14, 'COUNTESS OF ROUSILLON': 0, 'KING OF FRANCE': 6, 'FIRST GENTLEMAN': 15, 'SERVANT': 21, 'FIRST LORD': 7, 'FOURTH LORD': 12, 'CLOWN': 10, 'PAROLLES': 4, 'SECOND SOLDIER': 20, 'SECOND LORD': 8, 'WIDOW': 16, 'ALL': 11, 'DUKE OF FLORENCE': 13, 'MARIANA': 18, 'DIANA': 17, 'LAFEU': 2, 'PAGE': 5}

{0: 88, 1: 103, 2: 98, 3: 111, 4: 142, 5: 1, 6: 88, 7: 40, 8: 63, 9: 6, 10: 59, 11: 2, 12: 1, 13: 6, 14: 6, 15: 6, 16: 21, 17: 45, 18: 5, 19: 38, 20: 2, 21: 1, 22: 9}
=========================================================================================================

=========================================================================================================
Play Number: 1

Speech Act Number Cutoff: 58
Number of Total Speakers: 59

Best model LogisticRegression(C=1.1000000000000001, class_weight=None, dual=False,
          fit_intercept=True, intercept_scaling=1, max_iter=200,
          multi_class='ovr', penalty='l1', random_state=None,
          solver='lbfgs', tol=0.0001, verbose=1)
64 features selected out of 64 total
F1 mean: 0.23 (+/- 0.08)

Highest and lowest weights in the model

Max: Certain, 0.804285349568
Min: Health, -0.971054168051

Max: Affect, 0.650891841612
Min: Insight, -0.710256543404

Max: Tentat, 0.946255300389
Min: Posemo, -1.03124592603

Max: Swear, 1.04428217997
Min: Incl, -0.9027037419

Max: We, 0.980475399068
Min: Affect, -1.33380194318

             precision    recall  f1-score   support

          1       0.43      0.66      0.52       204
          2       0.51      0.56      0.53       206
          5       0.50      0.11      0.18        63
          8       0.52      0.39      0.44       111
         13       0.53      0.25      0.34        96

avg / total       0.49      0.48      0.46       680

{'FIRST WATCH': 46, 'FIRST SOLDIER': 39, 'CHARMIAN': 5, 'GALLUS': 55, 'VENTIDIUS': 27, 'PHILO': 0, 'SERVANT': 37, 'CLEOPATRA': 1, 'VARRIUS': 19, 'SCARUS': 33, 'POMPEY': 16, 'SOLDIER': 31, 'SILIUS': 28, 'MESSENGER': 3, 'CANIDIUS': 30, 'SOLDIERS': 43, 'CENTURION': 45, 'MAECENAS': 20, 'SECOND ATTENDANT': 11, 'BOTH': 23, 'GUARDSMAN': 57, 'SECOND WATCH': 47, 'FOURTH SOLDIER': 42, 'FIRST ATTENDANT': 10, 'EGYPTIAN': 53, 'THYMUS': 38, 'ENOBARBUS': 8, 'SECOND MESSENGER': 12, 'DIOMEDES': 52, 'CAESAR': 13, 'ALEXAS': 6, 'MENECRATES': 17, 'EUPHRONIUS': 35, 'ANTONY': 2, 'EROS': 29, 'THYREUS': 36, 'MARDIAN': 15, 'SECOND SOLDIER': 40, 'SELEUCUS': 56, 'AGRIPPA': 21, 'TAURUS': 32, 'LEPIDUS': 14, 'OCTAVIA': 22, 'CLOWN': 58, 'FIRST GUARD': 48, 'IRAS': 9, 'SECOND GUARD': 49, 'ALL': 24, 'FIRST SERVANT': 25, 'PROCULEIUS': 54, 'DEMETRIUS': 4, 'DERCETAS': 51, 'SECOND SERVANT': 26, 'THIRD SOLDIER': 41, 'THIRD GUARD': 50, 'SOOTHSAYER': 7, 'CAPTAIN': 44, 'MENAS': 18, 'DOLABELLA': 34}

{0: 2, 1: 204, 2: 206, 3: 43, 4: 2, 5: 63, 6: 15, 7: 14, 8: 111, 9: 18, 10: 1, 11: 1, 12: 2, 13: 96, 14: 30, 15: 7, 16: 41, 17: 2, 18: 35, 19: 1, 20: 15, 21: 28, 22: 14, 23: 1, 24: 9, 25: 4, 26: 3, 27: 4, 28: 3, 29: 26, 30: 10, 31: 13, 32: 1, 33: 11, 34: 23, 35: 6, 36: 11, 37: 4, 38: 1, 39: 6, 40: 8, 41: 7, 42: 2, 43: 2, 44: 1, 45: 5, 46: 5, 47: 5, 48: 11, 49: 4, 50: 1, 51: 5, 52: 7, 53: 2, 54: 10, 55: 1, 56: 3, 57: 2, 58: 8}
=========================================================================================================

=========================================================================================================
Play Number: 2

Speech Act Number Cutoff: 40
Number of Total Speakers: 25

Best model LogisticRegression(C=0.5, class_weight=None, dual=False, fit_intercept=True,
          intercept_scaling=1, max_iter=200, multi_class='ovr',
          penalty='l1', random_state=None, solver='lbfgs', tol=0.0001,
          verbose=1)
64 features selected out of 64 total
F1 mean: 0.23 (+/- 0.08)

Highest and lowest weights in the model

Max: Ipron, 0.675126668556
Min: Work, -0.539982407059

Max: Anx, 0.728752152791
Min: Affect, -0.549322562287

Max: Assent, 0.557578245677
Min: SheHe, -0.607842270578

Max: Present, 0.831207667586
Min: Prep, -0.647867583708

Max: Incl, 0.600382371324
Min: Filler, -0.781081930257

             precision    recall  f1-score   support

          0       0.48      0.43      0.45       121
          5       0.47      0.36      0.41       108
          6       0.49      0.76      0.59       199
          7       0.66      0.36      0.47        74
         16       0.73      0.19      0.31        57

avg / total       0.53      0.50      0.48       559

{'DUKE SENIOR': 10, 'CELIA': 5, 'FREDERICK': 9, 'ROSALIND': 6, 'LE BEAU': 8, 'JAQUES': 16, 'DENNIS': 3, 'OLIVER': 2, 'CHARLES': 4, 'SECOND PAGE': 22, 'ADAM': 1, 'SILVIUS': 15, 'TOUCHSTONE': 7, 'FIRST LORD': 12, 'HYMEN': 23, 'JAQUES DE BOYS': 24, 'ORLANDO': 0, 'AMIENS': 11, 'PHEBE': 19, 'AUDREY': 17, 'SECOND LORD': 13, 'CORIN': 14, 'MARTEXT': 18, 'WILLIAM': 20, 'FIRST PAGE': 21}

{0: 121, 1: 10, 2: 37, 3: 2, 4: 8, 5: 108, 6: 199, 7: 74, 8: 14, 9: 20, 10: 32, 11: 10, 12: 8, 13: 2, 14: 24, 15: 24, 16: 57, 17: 12, 18: 3, 19: 23, 20: 11, 21: 3, 22: 2, 23: 2, 24: 2}
=========================================================================================================

=========================================================================================================
Play Number: 3

Speech Act Number Cutoff: 30
Number of Total Speakers: 19

Best model LogisticRegression(C=1.1000000000000001, class_weight=None, dual=False,
          fit_intercept=True, intercept_scaling=1, max_iter=200,
          multi_class='multinomial', penalty='l1', random_state=None,
          solver='lbfgs', tol=0.0001, verbose=1)
64 features selected out of 64 total
F1 mean: 0.22 (+/- 0.03)

Highest and lowest weights in the model

Max: Work, 1.09262819425
Min: Affect, -2.13339215662

Max: Relig, 0.852203407827
Min: Sexual, -0.74245809446

Max: Assent, 1.14222592741
Min: Ingest, -0.753357839861

Max: We, 1.06510636083
Min: Time, -0.620466861586

Max: Negate, 1.09414739561
Min: Excl, -0.852393117083

Max: Motion, 0.841673114044
Min: Insight, -1.04283958619

Max: Ipron, 0.896356612235
Min: Filler, -0.805447011888

             precision    recall  f1-score   support

          4       0.46      0.65      0.54       103
          5       0.58      0.61      0.59        99
          6       0.60      0.49      0.54        63
          7       0.58      0.54      0.56        79
          8       0.52      0.37      0.43        43
          9       0.59      0.55      0.57        76
         12       0.75      0.39      0.51        31

avg / total       0.56      0.55      0.55       494

{'ANGELO': 12, 'DUKE': 1, 'COURTEZAN': 15, 'ABBESS': 17, 'DROMIO OF SYRACUSE': 5, 'ANTIPHOLUS OF EPHESUS': 9, 'AEGEON': 0, 'FIRST MERCHANT': 3, 'LUCE': 11, 'MESSENGER': 18, 'DROMIO OF EPHESUS': 6, 'LUCIANA': 8, 'PINCH': 16, 'BALTHAZAR': 10, 'GAOLER': 2, 'SECOND MERCHANT': 13, 'ANTIPHOLUS OF SYRACUSE': 4, 'OFFICER': 14, 'ADRIANA': 7}

{0: 17, 1: 22, 2: 1, 3: 3, 4: 103, 5: 99, 6: 63, 7: 79, 8: 43, 9: 76, 10: 5, 11: 7, 12: 31, 13: 13, 14: 11, 15: 11, 16: 6, 17: 16, 18: 2}
=========================================================================================================

=========================================================================================================
Play Number: 4

Speech Act Number Cutoff: 55
Number of Total Speakers: 61

Best model LogisticRegression(C=0.20000000000000001, class_weight=None, dual=False,
          fit_intercept=True, intercept_scaling=1, max_iter=200,
          multi_class='ovr', penalty='l1', random_state=None,
          solver='lbfgs', tol=0.0001, verbose=1)
64 features selected out of 64 total
F1 mean: 0.22 (+/- 0.06)

Highest and lowest weights in the model

Max: Verbs, 0.485011629314
Min: Negate, -0.552717731776

Max: Relativ, 0.587540316945
Min: See, -0.50901936621

Max: Friends, 0.33613126272
Min: Quant, -0.54390720952

Max: Ipron, 0.44868935695
Min: Home, -0.921772539029

Max: Ppron, 0.456506389325
Min: Home, -0.822298088881

Max: We, 0.420762923301
Min: Verbs, -0.439905314136

             precision    recall  f1-score   support

          3       0.46      0.61      0.52       165
          4       0.47      0.72      0.57       193
          7       0.50      0.08      0.13        66
          9       0.45      0.45      0.45       119
         10       0.53      0.19      0.28        91
         13       0.94      0.26      0.41        57

avg / total       0.51      0.48      0.44       691

{'FIRST WATCH': 49, 'FIRST SOLDIER': 17, 'SECOND CONSPIRATOR': 53, 'FIRST CITIZEN': 0, 'AEDILE': 40, 'SENATORS': 27, 'THIRD LORD': 60, 'LARTIUS': 8, 'THIRD CITIZEN': 28, 'LIEUTENANT': 22, 'ROMAN': 41, 'COMINIUS': 7, 'MESSENGER': 5, 'CITIZEN': 43, 'FIRST PATRICIAN': 39, 'AUFIDIUS': 11, 'BRUTUS': 10, 'SICINIUS': 9, 'PLEBEIANS': 37, 'SECOND CITIZEN': 2, 'SECOND WATCH': 50, 'VOLSCE': 42, 'HERALD': 24, 'SECOND MESSENGER': 48, 'THIRD CONSPIRATOR': 54, 'FIRST CONSPIRATOR': 52, 'FIRST OFFICER': 25, 'LORDS': 55, 'PATRICIANS': 36, 'SECOND SENATOR': 12, 'FIRST SENATOR': 6, 'VALERIA': 16, 'MENENIUS': 3, 'MARCIUS': 4, 'BOTH': 47, 'THIRD SERVANT': 46, 'VIRGILIA': 14, 'FIRST LORD': 56, 'AEDILES': 38, 'VOLUMNIA': 13, 'SEVENTH CITIZEN': 33, 'SECOND CITIZENS': 34, 'FIRST SERVANT': 44, 'SECOND LORD': 59, 'GENTLEWOMAN': 15, 'BOTH CITIZENS': 31, 'FIRST ROMAN': 19, 'BOTH TRIBUNES': 23, 'ALL': 1, 'SECOND SOLDIER': 18, 'FIFTH CITIZEN': 30, 'BOY': 51, 'SIXTH CITIZEN': 32, 'CITIZENS': 35, 'SECOND SERVANT': 45, 'FOURTH CITIZEN': 29, 'SECOND ROMAN': 20, 'ALL THE PEOPLE': 58, 'THIRD ROMAN': 21, 'SECOND OFFICER': 26, 'CONSPIRATORS': 57}

{0: 34, 1: 16, 2: 17, 3: 165, 4: 193, 5: 13, 6: 22, 7: 66, 8: 24, 9: 119, 10: 91, 11: 45, 12: 4, 13: 57, 14: 26, 15: 1, 16: 14, 17: 8, 18: 1, 19: 1, 20: 1, 21: 1, 22: 4, 23: 7, 24: 2, 25: 4, 26: 3, 27: 1, 28: 14, 29: 3, 30: 1, 31: 1, 32: 1, 33: 1, 34: 1, 35: 3, 36: 4, 37: 13, 38: 1, 39: 1, 40: 9, 41: 10, 42: 9, 43: 3, 44: 17, 45: 17, 46: 20, 47: 3, 48: 4, 49: 12, 50: 6, 51: 1, 52: 3, 53: 2, 54: 3, 55: 3, 56: 4, 57: 2, 58: 1, 59: 3, 60: 1}
=========================================================================================================

=========================================================================================================
Play Number: 5

Speech Act Number Cutoff: 43
Number of Total Speakers: 40

Best model LogisticRegression(C=0.40000000000000002, class_weight=None, dual=False,
          fit_intercept=True, intercept_scaling=1, max_iter=200,
          multi_class='multinomial', penalty='l1', random_state=None,
          solver='lbfgs', tol=0.0001, verbose=1)
64 features selected out of 64 total
F1 mean: 0.19 (+/- 0.05)

Highest and lowest weights in the model

Max: Leisure, 0.683055133452
Min: Achiev, -0.516077872922

Max: Home, 0.503157999233
Min: Ppron, -0.542604718527

Max: Discrep, 0.41136073141
Min: Money, -0.586267692176

Max: Insight, 0.713186659356
Min: Anx, -0.769423586466

Max: Past, 0.62674577239
Min: Sad, -0.637121811566

Max: Leisure, 0.997598957457
Min: Motion, -0.782969060413

Max: Work, 0.621440357688
Min: Incl, -0.516862686954

Max: Assent, 0.860553127315
Min: Filler, -0.777017579233

Max: Anx, 0.759279354227
Min: Negemo, -0.793629869514

             precision    recall  f1-score   support

          3       0.48      0.40      0.44        78
          4       0.41      0.65      0.51       121
          5       0.37      0.52      0.43        83
          6       0.47      0.34      0.39        59
          8       0.41      0.47      0.44        78
         11       0.53      0.40      0.46        77
         18       0.66      0.42      0.51        60
         19       0.59      0.37      0.46        59
         20       0.52      0.26      0.35        46

avg / total       0.48      0.45      0.45       661

{'FIRST GAOLER': 30, 'PHILARIO': 12, 'PISANIO': 6, 'IACHIMO': 11, 'MUSICIANS': 15, 'MESSENGER': 16, 'SECOND GAOLER': 31, 'GUIDERIUS': 19, 'BOTH': 24, 'CYMBELINE': 5, 'IMOGEN': 4, 'FIRST GENTLEMAN': 0, 'LUCIUS': 17, 'POSTHUMUS': 3, 'JUPITER': 37, 'CAPTAIN': 25, 'MOTHER': 33, 'BELARIUS': 18, 'SECOND SENATOR': 23, 'FRENCHMAN': 13, 'FIRST LORD': 7, 'BROTHERS': 36, 'SECOND BROTHER': 35, 'FIRST BROTHER': 34, 'LORD': 27, 'SECOND GENTLEMAN': 1, 'SECOND LORD': 9, 'FIRST CAPTAIN': 28, 'LADY': 10, 'SICILIUS': 32, 'SECOND CAPTAIN': 29, 'ALL': 38, 'CLOTEN': 8, 'QUEEN': 2, 'FIRST SENATOR': 21, 'ARVIRAGUS': 20, 'TRIBUNE': 22, 'SOOTHSAYER': 26, 'GAOLER': 39, 'CORNELIUS': 14}

{0: 10, 1: 9, 2: 29, 3: 78, 4: 121, 5: 83, 6: 59, 7: 12, 8: 78, 9: 21, 10: 10, 11: 77, 12: 14, 13: 7, 14: 13, 15: 1, 16: 3, 17: 25, 18: 60, 19: 59, 20: 46, 21: 2, 22: 3, 23: 1, 24: 2, 25: 4, 26: 5, 27: 9, 28: 2, 29: 2, 30: 1, 31: 1, 32: 7, 33: 3, 34: 2, 35: 1, 36: 1, 37: 1, 38: 1, 39: 8}
=========================================================================================================

=========================================================================================================
Play Number: 6

Speech Act Number Cutoff: 56
Number of Total Speakers: 34

Best model LogisticRegression(C=0.10000000000000001, class_weight=None, dual=False,
          fit_intercept=True, intercept_scaling=1, max_iter=200,
          multi_class='ovr', penalty='l1', random_state=None,
          solver='lbfgs', tol=0.0001, verbose=1)
64 features selected out of 64 total
F1 mean: 0.15 (+/- 0.08)

Highest and lowest weights in the model

Max: Insight, 0.63207282561
Min: Excl, -0.347587428303

Max: Anx, 0.416430180721
Min: Insight, -0.484589278933

Max: Numbers, 0.297157173459
Min: Anx, -0.339299445341

Max: Past, 0.365914983705
Min: Relig, -0.406229299948

Max: Excl, 0.501029215812
Min: Humans, -0.461133196076

Max: Social, 0.317824260905
Min: Insight, -0.306220373448

Max: Insight, 0.714497157425
Min: Posemo, -0.325262771523

             precision    recall  f1-score   support

          2       0.57      0.19      0.29       108
          4       0.75      0.21      0.32       102
          6       1.00      0.02      0.03        62
          7       0.72      0.15      0.25        86
          8       0.47      0.97      0.64       358
          9       0.75      0.04      0.08        69
         12       0.58      0.19      0.29        58

avg / total       0.61      0.50      0.40       843

{'GUILDENSTERN': 16, 'AMBASSADOR': 33, 'SERVANT': 26, 'GENTLEMAN': 24, 'GENTLEMEN': 21, 'SAILOR': 27, 'SECOND CLOWN': 29, 'MESSENGER': 25, 'OSRIC': 31, 'MARCELLUS': 3, 'ROSENCRANTZ': 15, 'VOLTEMAND': 17, 'CAPTAIN': 23, 'PROLOGUE': 20, 'LORD': 32, 'FIRST PLAYER': 18, 'GHOST': 13, 'BOTH': 10, 'HORATIO': 2, 'BERNARDO': 0, 'KING': 4, 'LAERTES': 6, 'CLOWN': 28, 'HAMLET': 8, 'PLAYER': 19, 'POLONIUS': 7, 'ALL': 11, 'FRANCISCO': 1, 'OPHELIA': 12, 'QUEEN': 9, 'FORTINBRAS': 22, 'REYNALDO': 14, 'PRIEST': 30, 'CORNELIUS': 5}

{0: 19, 1: 8, 2: 108, 3: 31, 4: 102, 5: 1, 6: 62, 7: 86, 8: 358, 9: 69, 10: 9, 11: 6, 12: 58, 13: 15, 14: 13, 15: 45, 16: 29, 17: 1, 18: 6, 19: 2, 20: 1, 21: 1, 22: 5, 23: 7, 24: 2, 25: 3, 26: 1, 27: 2, 28: 33, 29: 12, 30: 2, 31: 25, 32: 3, 33: 1}
=========================================================================================================

=========================================================================================================
Play Number: 7

Speech Act Number Cutoff: 38
Number of Total Speakers: 33

Best model LogisticRegression(C=0.10000000000000001, class_weight=None, dual=False,
          fit_intercept=True, intercept_scaling=1, max_iter=200,
          multi_class='ovr', penalty='l1', random_state=None,
          solver='lbfgs', tol=0.0001, verbose=1)
64 features selected out of 64 total
F1 mean: 0.40 (+/- 0.03)

Highest and lowest weights in the model

Max: Prep, 0.264470556657
Min: Hear, -0.447473089342

Max: Hear, 0.492846871736
Min: Motion, -0.388711525075

Max: Certain, 0.32728816595
Min: Tentat, -0.462996676174

             precision    recall  f1-score   support

          5       0.63      0.54      0.58       151
          6       0.54      0.77      0.63       168
          9       0.76      0.37      0.49       101

avg / total       0.62      0.59      0.58       420

{'HOSTESS': 22, 'SERVANT': 19, 'TRAVELLER': 16, 'DOUGLAS': 27, 'FALSTAFF': 5, 'VERNON': 29, 'MESSENGER': 28, 'HOTSPUR': 9, 'CHAMBERLAIN': 14, 'POINS': 0, 'KING': 3, 'GLENDOWER': 26, 'FIRST CARRIER': 11, 'SHERIFF': 23, 'BLUNT': 10, 'PETO': 1, 'NORTHUMBERLAND': 8, 'WORCESTER': 7, 'WESTMORELAND': 4, 'FRANCIS': 20, 'LANCASTER': 32, 'VINTNER': 21, 'THIEVES': 17, 'LADY': 18, 'PRINCE': 6, 'BARDOPH': 15, 'BARDOLPH': 2, 'ARCHBISHOP': 30, 'MORTIMER': 25, 'CARRIER': 24, 'SIR MICHAEL': 31, 'GADSHILL': 13, 'SECOND CARRIER': 12}

{0: 37, 1: 8, 2: 18, 3: 29, 4: 9, 5: 151, 6: 168, 7: 35, 8: 11, 9: 101, 10: 10, 11: 8, 12: 6, 13: 17, 14: 6, 15: 1, 16: 3, 17: 1, 18: 8, 19: 3, 20: 14, 21: 1, 22: 24, 23: 5, 24: 1, 25: 13, 26: 23, 27: 19, 28: 6, 29: 12, 30: 5, 31: 4, 32: 5}
=========================================================================================================

=========================================================================================================
Play Number: 8

Speech Act Number Cutoff: 45
Number of Total Speakers: 50

Best model LogisticRegression(C=0.10000000000000001, class_weight=None, dual=False,
          fit_intercept=True, intercept_scaling=1, max_iter=200,
          multi_class='ovr', penalty='l1', random_state=None,
          solver='lbfgs', tol=0.0001, verbose=1)
64 features selected out of 64 total
F1 mean: 0.21 (+/- 0.08)

Highest and lowest weights in the model

Max: Negate, 0.295562287637
Min: Inhib, -0.347283293189

Max: Ppron, 0.355701582701
Min: SheHe, -0.338801014569

Max: Sexual, 0.391583355811
Min: Ppron, -0.343734507189

Max: Anx, 0.41975714994
Min: Pronoun, -0.34629997839

Max: Sad, 0.376798847751
Min: Time, -0.474771529721

             precision    recall  f1-score   support

          6       0.53      0.94      0.68       186
          8       0.75      0.11      0.19        56
         13       0.83      0.20      0.33        49
         17       0.73      0.32      0.44        60
         30       0.68      0.44      0.54        77

avg / total       0.65      0.57      0.51       428

{'TRAVERS': 4, 'SHALLOW': 30, 'PRINCE HUMPHREY': 41, 'HOSTESS': 13, 'DOLL': 25, 'SERVANT': 9, 'PRINCE JOHN': 39, 'THIRD DRAWER': 24, 'WARWICK': 29, 'DAVY': 44, 'FALSTAFF': 6, 'FIRST BEADLE': 46, 'MESSENGER': 37, 'SECOND GROOM': 48, 'LADY PERCY': 21, 'SHADOW': 33, 'FEEBLE': 35, 'BROTHERS': 45, 'POINS': 18, 'CHIEF JUSTICE': 8, 'FANG': 14, 'MOWBRAY': 11, 'NORTHUMBERLAND': 3, 'MOULDY': 32, 'WESTMORELAND': 38, 'SECOND DRAWER': 23, 'SNARE': 15, 'FRANCIS': 22, 'COLVILLE': 40, 'PORTER': 2, 'HASTINGS': 12, 'CLARENCE': 42, 'KING': 28, 'WART': 34, 'BULLCALF': 36, 'PETO': 27, 'MORTON': 5, 'PRINCE': 17, 'SILENCE': 31, 'RUMOUR': 0, 'PISTOL': 26, 'FIRST GROOM': 47, 'BARDOLPH': 19, 'ARCHBISHOP': 10, 'LORD BARDOLPH': 1, 'PAGE': 7, 'THIRD GROOM': 49, 'HARCOURT': 43, 'GOWER': 16, 'LADY NORTHUMBERLAND': 20}

{0: 1, 1: 18, 2: 2, 3: 17, 4: 1, 5: 6, 6: 186, 7: 17, 8: 56, 9: 7, 10: 25, 11: 18, 12: 17, 13: 49, 14: 7, 15: 2, 16: 4, 17: 60, 18: 28, 19: 30, 20: 2, 21: 2, 22: 4, 23: 2, 24: 2, 25: 31, 26: 31, 27: 1, 28: 33, 29: 26, 30: 77, 31: 22, 32: 5, 33: 2, 34: 2, 35: 7, 36: 5, 37: 1, 38: 21, 39: 26, 40: 5, 41: 10, 42: 13, 43: 1, 44: 14, 45: 1, 46: 4, 47: 1, 48: 1, 49: 1}
=========================================================================================================

=========================================================================================================
Play Number: 9

Speech Act Number Cutoff: 35
Number of Total Speakers: 47

Best model LogisticRegression(C=0.20000000000000001, class_weight=None, dual=False,
          fit_intercept=True, intercept_scaling=1, max_iter=200,
          multi_class='ovr', penalty='l1', random_state=None,
          solver='lbfgs', tol=0.0001, verbose=1)
64 features selected out of 64 total
F1 mean: 0.41 (+/- 0.02)

Highest and lowest weights in the model

Max: We, 0.688799311858
Min: SheHe, -0.805129971236

Max: Work, 0.526782862361
Min: Body, -0.676617509618

Max: Negate, 0.66058303448
Min: Sexual, -0.825327591591

Max: Sexual, 0.599278494125
Min: Anx, -0.525515309325

             precision    recall  f1-score   support

          0       0.65      0.87      0.74       147
          9       0.67      0.58      0.62        62
         18       0.80      0.20      0.32        40
         20       0.80      0.65      0.72        68

avg / total       0.70      0.68      0.66       317

{'FRENCH SOLDIER': 39, 'BEDFORD': 12, 'COURT': 33, 'HOSTESS': 10, 'BOY': 11, 'WARWICK': 41, 'QUEEN ISABEL': 43, 'JAMY': 22, 'CANTERBURY': 3, 'BRITAINE': 27, 'MESSENGER': 19, 'BURGUNDY': 44, 'NYM': 8, 'FLUELLEN': 20, 'BOURBON': 40, 'DAUPHIN': 17, 'LORDS': 45, 'YORK': 38, 'SCROOP': 13, 'GREY': 15, 'GOVERNOR': 24, 'HERALD': 42, 'WESTMORELAND': 2, 'MACMORRIS': 23, 'PISTOL': 9, 'EXETER': 1, 'AMBASSADOR': 5, 'BATES': 34, 'FRENCH KING': 16, 'CONSTABLE': 18, 'ALICE': 26, 'ELY': 4, 'KING HENRY': 0, 'RAMBURES': 31, 'ALL': 46, 'CAMBRIDGE': 14, 'BARDOLPH': 7, 'GRANDPRE': 36, 'ERPINGHAM': 32, 'ORLEANS': 30, 'CHORUS': 6, 'KATHERINE': 25, 'SALISBURY': 37, 'MONTJOY': 28, 'GOWER': 21, 'WILLIAMS': 35, 'GLOUCESTER': 29}

{0: 147, 1: 22, 2: 9, 3: 7, 4: 1, 5: 2, 6: 5, 7: 16, 8: 21, 9: 62, 10: 11, 11: 17, 12: 5, 13: 5, 14: 5, 15: 4, 16: 19, 17: 31, 18: 40, 19: 4, 20: 68, 21: 27, 22: 4, 23: 4, 24: 1, 25: 33, 26: 22, 27: 2, 28: 11, 29: 5, 30: 29, 31: 5, 32: 5, 33: 1, 34: 7, 35: 28, 36: 1, 37: 2, 38: 1, 39: 10, 40: 2, 41: 1, 42: 1, 43: 5, 44: 8, 45: 1, 46: 1}
=========================================================================================================

=========================================================================================================
Play Number: 10

Speech Act Number Cutoff: 32
Number of Total Speakers: 52

Best model LogisticRegression(C=0.20000000000000001, class_weight=None, dual=False,
          fit_intercept=True, intercept_scaling=1, max_iter=200,
          multi_class='ovr', penalty='l1', random_state=None,
          solver='lbfgs', tol=0.0001, verbose=1)
64 features selected out of 64 total
F1 mean: 0.25 (+/- 0.02)

Highest and lowest weights in the model

Max: Insight, 0.539035500369
Min: Ingest, -0.447238174386

Max: Anx, 0.658146913316
Min: Pronoun, -0.501332593385

Max: You, 0.432866305686
Min: Inhib, -0.467074732512

Max: Prep, 0.542623679967
Min: Body, -0.603512579559

Max: Prep, 0.543654717482
Min: Conj, -0.453419457183

Max: Inhib, 0.645624877148
Min: Anger, -0.434504600729

             precision    recall  f1-score   support

          1       0.51      0.45      0.48        47
          7       0.65      0.68      0.67        41
         11       0.66      0.54      0.60        46
         20       0.71      0.61      0.65        59
         30       0.45      0.61      0.52        56
         31       0.59      0.59      0.59        41

avg / total       0.59      0.58      0.58       290

{'BASSET': 43, 'BEDFORD': 0, 'BASTARD': 10, 'GENERAL OF THE FRENCH': 44, 'FIRST SENTINEL': 24, 'LAWYER': 35, 'BOY': 18, 'SERVANT': 47, 'WARWICK': 33, 'ALENCON': 8, 'LUCY': 45, 'TALBOT': 20, 'SOLDIER': 26, 'VERNON': 34, 'MESSENGER': 4, 'GLANSDALE': 22, 'SERGEANT': 23, 'FASTOLFE': 42, 'KING': 38, 'WOODVILLE': 15, 'PLANTAGENET': 30, 'FIRST SOLDIER': 40, 'GARGRAVE': 21, 'CHARLES': 7, 'BURGUNDY': 25, 'FIRST KEEPER': 37, 'SECOND MESSENGER': 5, 'SCOUT': 49, 'SOMERSET': 32, 'JOHN': 46, 'COUNTESS': 28, 'MAYOR': 16, 'PORTER': 29, 'EXETER': 2, 'SHEPHERD': 51, 'THIRD MESSENGER': 6, 'REIGNIER': 9, 'FIRST WARDER': 12, 'PUCELLE': 11, 'ALL': 39, 'CAPTAIN': 27, 'WINCHESTER': 3, 'MARGARET': 50, 'FIRST SERVING MAN': 14, 'WATCH': 41, 'MORTIMER': 36, 'SUFFOLK': 31, 'SALISBURY': 19, 'LEGATE': 48, 'GLOUCESTER': 1, 'SECOND WARDER': 13, 'OFFICER': 17}

{0: 19, 1: 47, 2: 11, 3: 26, 4: 9, 5: 1, 6: 4, 7: 41, 8: 19, 9: 22, 10: 12, 11: 46, 12: 2, 13: 1, 14: 2, 15: 2, 16: 5, 17: 2, 18: 2, 19: 4, 20: 59, 21: 2, 22: 1, 23: 1, 24: 2, 25: 17, 26: 1, 27: 4, 28: 13, 29: 1, 30: 56, 31: 41, 32: 27, 33: 24, 34: 12, 35: 2, 36: 9, 37: 2, 38: 29, 39: 1, 40: 1, 41: 2, 42: 3, 43: 7, 44: 1, 45: 14, 46: 11, 47: 1, 48: 1, 49: 2, 50: 22, 51: 4}
=========================================================================================================

=========================================================================================================
Play Number: 11

Speech Act Number Cutoff: 39
Number of Total Speakers: 66

Best model LogisticRegression(C=1.2000000000000002, class_weight=None, dual=False,
          fit_intercept=True, intercept_scaling=1, max_iter=200,
          multi_class='multinomial', penalty='l1', random_state=None,
          solver='lbfgs', tol=0.0001, verbose=1)
64 features selected out of 64 total
F1 mean: 0.21 (+/- 0.01)

Highest and lowest weights in the model

Max: Work, 1.00693405222
Min: We, -1.4067719976

Max: Sad, 0.681893726135
Min: Achiev, -1.23390232423

Max: Tentat, 1.19763081429
Min: Achiev, -0.487741116627

Max: Achiev, 1.62319021698
Min: Work, -1.05150981073

Max: SheHe, 0.71442553358
Min: Excl, -1.20537390552

Max: Affect, 1.16905899673
Min: Numbers, -0.844633466884

             precision    recall  f1-score   support

          0       0.53      0.57      0.55        67
          1       0.47      0.59      0.52        82
          2       0.60      0.46      0.52        61
          4       0.54      0.61      0.57        69
          8       0.66      0.47      0.55        58
         49       0.53      0.49      0.51        61

avg / total       0.55      0.54      0.53       398

{'IDEN': 62, 'DICK': 50, 'SHERIFF': 34, 'BOLINGBROKE': 18, 'SMITH': 51, 'COMMONS': 39, 'CLIFFORD': 61, 'BUCKINGHAM': 9, 'FIRST CITIZEN': 59, 'MESSENGER': 12, 'CADE': 49, 'SECOND GENTLEMAN': 45, 'WARWICK': 7, 'SPIRIT': 19, 'LIEUTENANT': 41, 'BOTH': 26, 'SECOND NEIGHBOUR': 28, 'RICHARD': 64, 'YOUNG CLIFFORD': 65, 'WHITMORE': 46, 'SERVING MAN': 32, 'FIRST GENTLEMAN': 42, 'HERALD': 33, 'SECOND MURDERER': 38, 'DUCHESS': 11, 'SECOND MESSENGER': 57, 'SAY': 56, 'EDWARD': 63, 'MASTER': 43, 'TOWNSMAN': 21, 'HORNER': 17, 'STANLEY': 35, 'SOMERSET': 10, 'PETER': 16, 'MAYOR': 24, 'HUME': 13, 'MARGERY JOURDAIN': 20, 'SCALES': 58, 'VAUX': 40, 'BEADLE': 25, 'MICHAEL': 53, 'FIRST PRENTICE': 30, 'FIRST MURDERER': 37, 'FIRST NEIGHBOUR': 27, 'SECOND PETITIONER': 15, 'YORK': 8, 'FIRST PETITIONER': 14, 'POST': 36, 'GEORGE': 47, 'WILLIAM STAFFORD': 55, 'STAFFORD': 54, 'SOLDIER': 60, 'ALL': 3, 'JOHN': 48, 'WIFE': 23, 'CLERK': 52, 'QUEEN': 2, 'SUFFOLK': 0, 'SECOND PRENTICE': 31, 'MATE': 44, 'CARDINAL': 5, 'SALISBURY': 6, 'SIMPCOX': 22, 'GLOUCESTER': 4, 'THIRD NEIGHBOUR': 29, 'KING HENRY': 1}

{0: 67, 1: 82, 2: 61, 3: 12, 4: 69, 5: 31, 6: 17, 7: 32, 8: 58, 9: 24, 10: 11, 11: 21, 12: 4, 13: 6, 14: 4, 15: 3, 16: 8, 17: 5, 18: 7, 19: 5, 20: 1, 21: 2, 22: 18, 23: 7, 24: 2, 25: 1, 26: 1, 27: 1, 28: 1, 29: 1, 30: 1, 31: 1, 32: 2, 33: 1, 34: 2, 35: 4, 36: 1, 37: 4, 38: 1, 39: 2, 40: 1, 41: 11, 42: 4, 43: 1, 44: 1, 45: 1, 46: 8, 47: 9, 48: 10, 49: 61, 50: 24, 51: 9, 52: 2, 53: 3, 54: 6, 55: 5, 56: 13, 57: 1, 58: 2, 59: 1, 60: 1, 61: 17, 62: 9, 63: 1, 64: 6, 65: 4}
=========================================================================================================

=========================================================================================================
Play Number: 12

Speech Act Number Cutoff: 40
Number of Total Speakers: 44

Best model LogisticRegression(C=0.10000000000000001, class_weight=None, dual=False,
          fit_intercept=True, intercept_scaling=1, max_iter=200,
          multi_class='ovr', penalty='l1', random_state=None,
          solver='lbfgs', tol=0.0001, verbose=1)
64 features selected out of 64 total
F1 mean: 0.19 (+/- 0.07)

Highest and lowest weights in the model

Max: Inhib, 0.306022349312
Min: Tentat, -0.262678395142

Max: Anx, 0.341454033662
Min: Motion, -0.300923007874

Max: Achiev, 0.356938549278
Min: Ppron, -0.447131201881

Max: Ppron, 0.453495558548
Min: Anx, -0.586893592241

Max: Ingest, 0.265366218948
Min: Hear, -0.274865850851

Max: Motion, 0.237553119665
Min: Posemo, -0.266175480343

             precision    recall  f1-score   support

          0       0.40      0.36      0.38       100
          2       0.42      0.71      0.53       134
          4       0.43      0.48      0.46       108
          6       0.68      0.48      0.56        71
         11       0.71      0.23      0.34        53
         17       0.50      0.03      0.05        40

avg / total       0.49      0.45      0.43       506

{'RICHARD': 4, 'FIRST MESSENGER': 41, 'MONTAGUE': 3, 'TUTOR': 16, 'MESSENGER': 13, 'WARWICK': 0, 'RUTLAND': 15, 'MONTGOMERY': 38, 'NOBLEMAN': 23, 'QUEEN ELIZABETH': 30, 'SECOND MESSENGER': 42, 'PRINCE OF WALES': 12, 'NORTHUMBERLAND': 7, 'FATHER': 19, 'SON': 18, 'FIRST KEEPER': 20, 'SIR JOHN': 14, 'WESTMORELAND': 9, 'BONA': 26, 'MAYOR': 37, 'EXETER': 10, 'NORFOLK': 5, 'CLARENCE': 17, 'LADY GREY': 22, 'HUNTSMAN': 35, 'SECOND WATCHMAN': 32, 'FIRST WATCHMAN': 31, 'YORK': 1, 'OXFORD': 25, 'POST': 27, 'RIVERS': 34, 'SOMERVILLE': 43, 'SOMERSET': 28, 'CLIFFORD': 8, 'ALL': 40, 'LIEUTENANT': 36, 'QUEEN MARGARET': 11, 'THIRD WATCHMAN': 33, 'EDWARD': 2, 'LEWIS': 24, 'SOLDIER': 39, 'HASTINGS': 29, 'SECOND KEEPER': 21, 'KING HENRY': 6}

{0: 100, 1: 38, 2: 134, 3: 10, 4: 108, 5: 3, 6: 71, 7: 15, 8: 35, 9: 6, 10: 13, 11: 53, 12: 16, 13: 12, 14: 1, 15: 7, 16: 2, 17: 40, 18: 4, 19: 4, 20: 7, 21: 9, 22: 24, 23: 1, 24: 21, 25: 13, 26: 4, 27: 3, 28: 11, 29: 9, 30: 6, 31: 5, 32: 5, 33: 3, 34: 5, 35: 2, 36: 1, 37: 3, 38: 5, 39: 1, 40: 1, 41: 1, 42: 1, 43: 3}
=========================================================================================================

=========================================================================================================
Play Number: 13

Speech Act Number Cutoff: 35
Number of Total Speakers: 46

Best model LogisticRegression(C=0.10000000000000001, class_weight=None, dual=False,
          fit_intercept=True, intercept_scaling=1, max_iter=200,
          multi_class='ovr', penalty='l1', random_state=None,
          solver='lbfgs', tol=0.0001, verbose=1)
64 features selected out of 64 total
F1 mean: 0.21 (+/- 0.02)

Highest and lowest weights in the model

Max: Incl, 0.271742200773
Min: Home, -0.394175624189

Max: Relig, 0.276927800491
Min: Death, -0.36320724574

Max: Achiev, 0.359152498864
Min: Negate, -0.289908353396

Max: Home, 0.473311743802
Min: Anx, -0.271010332667

Max: Time, 0.304008767315
Min: Negemo, -0.261436393992

Max: See, 0.293979768814
Min: Home, -0.358365540974

             precision    recall  f1-score   support

          1       0.62      0.31      0.42        48
          3       0.42      0.74      0.53        81
          7       0.43      0.54      0.48        82
          8       0.63      0.48      0.55        50
         10       0.62      0.26      0.36        39
         17       0.50      0.16      0.24        37

avg / total       0.51      0.47      0.45       337

{'BOY': 36, 'SERVANT': 15, 'GARTER': 45, 'ABERGAVENNY': 2, 'GENTLEMAN': 27, 'BRANDON': 5, 'BUCKINGHAM': 0, 'MESSENGER': 34, 'CAPUCIUS': 35, 'CHAMBERLAIN': 10, 'SECRETARY': 4, 'KING': 7, 'QUEEN KATHARINE': 8, 'FIRST GENTLEMAN': 16, 'BUTTS': 40, 'CRIER': 24, 'CRANMER': 38, 'GENTLEMAN USHER': 25, 'ANNE': 14, 'CROMWELL': 29, 'PORTER': 43, 'OLD LADY': 22, 'SURREY': 28, 'LINCOLN': 26, 'NORFOLK': 1, 'BOTH': 31, 'VAUX': 18, 'CHANCELLOR': 41, 'GARDINER': 21, 'SURVEYOR': 9, 'KEEPER': 39, 'SECOND GENTLEMAN': 17, 'DENNY': 37, 'SCRIBE': 23, 'GRIFFITH': 32, 'WOLSEY': 3, 'ALL': 42, 'SANDYS': 11, 'PATIENCE': 33, 'CAMPEIUS': 20, 'LOVELL': 12, 'SUFFOLK': 19, 'SERGEANT': 6, 'THIRD GENTLEMAN': 30, 'GUILDFORD': 13, 'MAN': 44}

{0: 26, 1: 48, 2: 5, 3: 81, 4: 2, 5: 6, 6: 1, 7: 82, 8: 50, 9: 9, 10: 39, 11: 17, 12: 21, 13: 1, 14: 18, 15: 1, 16: 33, 17: 37, 18: 1, 19: 30, 20: 14, 21: 22, 22: 15, 23: 2, 24: 3, 25: 1, 26: 2, 27: 3, 28: 24, 29: 21, 30: 10, 31: 1, 32: 12, 33: 3, 34: 2, 35: 5, 36: 1, 37: 3, 38: 21, 39: 5, 40: 4, 41: 6, 42: 1, 43: 10, 44: 6, 45: 1}
=========================================================================================================

=========================================================================================================
Play Number: 14

Speech Act Number Cutoff: 27
Number of Total Speakers: 27

Best model LogisticRegression(C=1.1000000000000001, class_weight=None, dual=False,
          fit_intercept=True, intercept_scaling=1, max_iter=200,
          multi_class='ovr', penalty='l1', random_state=None,
          solver='lbfgs', tol=0.0001, verbose=1)
64 features selected out of 64 total
F1 mean: 0.23 (+/- 0.01)

Highest and lowest weights in the model

Max: Tentat, 1.19374033604
Min: Excl, -1.50705007882

Max: Present, 0.945237169722
Min: Leisure, -0.983505146862

Max: Excl, 1.09200133846
Min: Home, -1.16913056242

Max: Excl, 1.13466494642
Min: Feel, -1.0219386065

Max: Time, 1.16177953134
Min: Excl, -1.5422825572

Max: Achiev, 1.05478478775
Min: Anx, -1.83594851149

             precision    recall  f1-score   support

          0       0.55      0.69      0.61        95
          4       0.64      0.62      0.63        88
          8       0.69      0.56      0.62        45
         11       0.83      0.56      0.67        36
         17       0.70      0.58      0.64        36
         19       0.62      0.65      0.64        52

avg / total       0.64      0.63      0.63       352

{'BASTARD': 4, 'FRENCH HERALD': 14, 'BIGOT': 24, 'PANDULPH': 18, 'MESSENGER': 22, 'HUBERT': 19, 'CITIZEN': 13, 'GURNEY': 7, 'EXECUTIONER': 20, 'PEMBROKE': 21, 'ENGLISH HERALD': 15, 'LEWIS': 16, 'ROBERT': 5, 'ESSEX': 3, 'KING PHILIP': 8, 'ARTHUR': 9, 'KING JOHN': 0, 'AUSTRIA': 10, 'MELUN': 25, 'PRINCE HENRY': 26, 'CONSTANCE': 11, 'BLANCH': 12, 'ELINOR': 2, 'PETER': 23, 'CHATILLON': 1, 'SALISBURY': 17, 'LADY FAULCONBRIDGE': 6}

{0: 95, 1: 5, 2: 22, 3: 1, 4: 88, 5: 4, 6: 5, 7: 1, 8: 45, 9: 23, 10: 16, 11: 36, 12: 9, 13: 10, 14: 1, 15: 1, 16: 26, 17: 36, 18: 23, 19: 52, 20: 2, 21: 20, 22: 9, 23: 1, 24: 6, 25: 3, 26: 8}
=========================================================================================================

=========================================================================================================
Play Number: 15

Speech Act Number Cutoff: 39
Number of Total Speakers: 48

Best model LogisticRegression(C=0.10000000000000001, class_weight=None, dual=False,
          fit_intercept=True, intercept_scaling=1, max_iter=200,
          multi_class='multinomial', penalty='l1', random_state=None,
          solver='lbfgs', tol=0.0001, verbose=1)
64 features selected out of 64 total
F1 mean: 0.19 (+/- 0.07)

Highest and lowest weights in the model

Max: Affect, 0.248884504542
Min: Ppron, -0.252150586698

Max: See, 0.263502804904
Min: Pronoun, -0.303896772394

Max: Present, 0.457406004501
Min: Health, -0.26044984018

Max: Relativ, 0.242745671064
Min: SheHe, -0.329476480382

Max: Anx, 0.28938668537
Min: Tentat, -0.227007952274

             precision    recall  f1-score   support

          4       0.89      0.20      0.33        40
          5       0.82      0.23      0.36        39
          7       0.86      0.24      0.37        51
          9       0.50      0.85      0.63       194
         10       0.53      0.36      0.43       138

avg / total       0.61      0.53      0.49       462

{'PORTIA': 17, 'FIRST CITIZEN': 24, 'MARULLUS': 2, 'FIRST SOLDIER': 33, 'SERVANT': 19, 'MESSENGER': 42, 'VARRO': 39, 'THIRD SOLDIER': 35, 'FOURTH CITIZEN': 28, 'DECIUS': 14, 'MESSALA': 37, 'BRUTUS': 9, 'FIRST COMMONER': 1, 'CASCA': 5, 'SECOND CITIZEN': 25, 'TITINIUS': 38, 'LIGARIUS': 18, 'CICERO': 11, 'CLAUDIO': 41, 'LUCIUS': 13, 'PINDARUS': 32, 'CAESAR': 4, 'LUCILIUS': 31, 'ANTONY': 7, 'SECOND COMMONER': 3, 'DARDANIUS': 45, 'GHOST': 40, 'STRATO': 47, 'VOLUMNIUS': 46, 'CASSIUS': 10, 'CALPURNIA': 6, 'LEPIDUS': 30, 'PUBLIUS': 20, 'FLAVIUS': 0, 'OCTAVIUS': 29, 'THIRD CITIZEN': 26, 'METELLUS': 15, 'ALL': 27, 'SECOND SOLDIER': 34, 'CINNA': 12, 'CLITUS': 44, 'CITIZENS': 23, 'ARTEMIDORUS': 21, 'CATO': 43, 'TREBONIUS': 16, 'POPILIUS': 22, 'POET': 36, 'SOOTHSAYER': 8}

{0: 5, 1: 1, 2: 6, 3: 6, 4: 40, 5: 39, 6: 6, 7: 51, 8: 9, 9: 194, 10: 138, 11: 4, 12: 19, 13: 24, 14: 12, 15: 5, 16: 4, 17: 16, 18: 5, 19: 11, 20: 2, 21: 3, 22: 2, 23: 1, 24: 18, 25: 18, 26: 16, 27: 12, 28: 16, 29: 19, 30: 3, 31: 10, 32: 5, 33: 4, 34: 2, 35: 1, 36: 3, 37: 20, 38: 10, 39: 6, 40: 3, 41: 2, 42: 1, 43: 3, 44: 8, 45: 3, 46: 3, 47: 4}
=========================================================================================================

=========================================================================================================
Play Number: 16

Speech Act Number Cutoff: 53
Number of Total Speakers: 22

Best model LogisticRegression(C=0.70000000000000007, class_weight=None, dual=False,
          fit_intercept=True, intercept_scaling=1, max_iter=200,
          multi_class='multinomial', penalty='l1', random_state=None,
          solver='lbfgs', tol=0.0001, verbose=1)
64 features selected out of 64 total
F1 mean: 0.14 (+/- 0.05)

Highest and lowest weights in the model

Max: Relig, 0.789605879226
Min: Humans, -0.838728730891

Max: Leisure, 1.27413427311
Min: Bio, -0.737482527302

Max: Adverbs, 0.9656901676
Min: Leisure, -0.746391444597

Max: Prep, 1.16108259641
Min: Insight, -0.788804970576

Max: Anx, 0.613531630181
Min: Conj, -0.692239166695

Max: They, 0.817380330566
Min: Numbers, -0.795633145437

Max: Ipron, 0.879621031933
Min: Home, -1.08321793342

Max: Tentat, 0.717423920994
Min: See, -0.814388185283

Max: Affect, 1.24458670447
Min: Ppron, -0.683592818697

Max: Leisure, 0.886985759654
Min: Relig, -0.873100015749

             precision    recall  f1-score   support

          0       0.30      0.35      0.32       127
          1       0.35      0.31      0.33       118
          2       0.34      0.24      0.28        79
          3       0.34      0.65      0.45       188
          4       0.43      0.11      0.18        53
          6       0.36      0.26      0.30        73
          7       0.50      0.21      0.30        57
         10       0.28      0.19      0.23        98
         13       0.59      0.50      0.54        58
         16       0.29      0.15      0.20        53

avg / total       0.36      0.35      0.33       904

{'OLD MAN': 17, 'CORNWALL': 16, 'MESSENGER': 19, 'ALBANY': 7, 'DOCTOR': 18, 'CORDELIA': 5, 'BURGUNDY': 8, 'HERALD': 21, 'CURAN': 15, 'EDMUND': 2, 'FOOL': 13, 'GENTLEMAN': 14, 'EDGAR': 10, 'GONERIL': 4, 'OSWALD': 11, 'REGAN': 6, 'KNIGHT': 12, 'FRANCE': 9, 'LEAR': 3, 'KENT': 0, 'CAPTAIN': 20, 'GLOUCESTER': 1}

{0: 127, 1: 118, 2: 79, 3: 188, 4: 53, 5: 31, 6: 73, 7: 57, 8: 5, 9: 5, 10: 98, 11: 38, 12: 5, 13: 58, 14: 41, 15: 4, 16: 53, 17: 9, 18: 8, 19: 1, 20: 5, 21: 4}
=========================================================================================================

=========================================================================================================
Play Number: 17

Speech Act Number Cutoff: 52
Number of Total Speakers: 19

Best model LogisticRegression(C=0.10000000000000001, class_weight=None, dual=False,
          fit_intercept=True, intercept_scaling=1, max_iter=200,
          multi_class='ovr', penalty='l1', random_state=None,
          solver='lbfgs', tol=0.0001, verbose=1)
64 features selected out of 64 total
F1 mean: 0.15 (+/- 0.05)

Highest and lowest weights in the model

Max: Hear, 0.320537783591
Min: Excl, -0.307729651492

Max: Hear, 0.328705065259
Min: Swear, -0.282112741624

Max: Swear, 0.419238604834
Min: Bio, -0.303326270846

Max: Excl, 0.994367504005
Min: Quant, -0.322554199629

Max: Sexual, 0.364255769134
Min: Sad, -0.437747219436

Max: Ppron, 0.753178307903
Min: Anx, -0.29106365551

Max: Negate, 0.304993552021
Min: Anx, -0.411456131267

Max: Insight, 0.466516951921
Min: Money, -0.455787259681

Max: Relig, 0.306061743067
Min: Filler, -0.317093382169

Max: Verbs, 0.391661556137
Min: Conj, -0.307015921145

             precision    recall  f1-score   support

          0       0.32      0.37      0.34       114
          2       0.20      0.04      0.06        53
          3       0.26      0.61      0.37       159
          5       0.41      0.46      0.43        83
          6       0.33      0.24      0.27       102
          7       0.39      0.25      0.30        77
          9       0.44      0.19      0.27        79
         10       0.45      0.41      0.43       104
         14       0.59      0.15      0.24        66
         17       0.48      0.19      0.27        54

avg / total       0.37      0.34      0.32       891

{'HOLOFERNES': 17, 'KING': 0, 'MARCADE': 18, 'FIRST LORD': 11, 'MOTH': 7, 'PRINCESS OF FRANCE': 10, 'FORESTER': 15, 'NATHANIEL': 16, 'BOYET': 9, 'JAQUENETTA': 8, 'KATHARINE': 13, 'ROSALINE': 14, 'ARMADO': 6, 'BEROWNE': 3, 'DUMAIN': 2, 'COSTARD': 5, 'MARIA': 12, 'DULL': 4, 'LONGAVILLE': 1}

{0: 114, 1: 41, 2: 53, 3: 159, 4: 15, 5: 83, 6: 102, 7: 77, 8: 13, 9: 79, 10: 104, 11: 2, 12: 19, 13: 37, 14: 66, 15: 4, 16: 19, 17: 54, 18: 3}
=========================================================================================================

=========================================================================================================
Play Number: 18

Speech Act Number Cutoff: 32
Number of Total Speakers: 42

Best model LogisticRegression(C=0.10000000000000001, class_weight=None, dual=False,
          fit_intercept=True, intercept_scaling=1, max_iter=200,
          multi_class='ovr', penalty='l1', random_state=None,
          solver='lbfgs', tol=0.0001, verbose=1)
64 features selected out of 64 total
F1 mean: 0.10 (+/- 0.02)

Highest and lowest weights in the model

Max: Humans, 0.532984983258
Min: Ipron, -0.373729921454

Max: Body, 0.303527831607
Min: Pronoun, -0.32081368599

Max: Negemo, 0.279473687012
Min: We, -0.4091221087

Max: Money, 0.41460758232
Min: Prep, -0.309609750106

Max: Affect, 0.26009059369
Min: Money, -0.265938585788

Max: Inhib, 0.237808436524
Min: Negemo, -0.281596996588

             precision    recall  f1-score   support

          5       0.81      0.35      0.49        37
          8       0.83      0.13      0.22        39
          9       0.45      0.95      0.61       148
         10       0.80      0.12      0.21        33
         12       0.78      0.11      0.20        62
         16       0.39      0.19      0.25        59

avg / total       0.60      0.48      0.40       378

{'DONALBAIN': 17, 'SERVANT': 22, 'OLD MAN': 18, 'THIRD WITCH': 2, 'MESSENGER': 13, 'SOLDIERS': 40, 'MENTEITH': 36, 'SECOND MURTHERER': 21, 'LORDS': 24, 'LENNOX': 7, 'MACDUFF': 16, 'SECOND APPARITION': 29, 'DOCTOR': 34, 'MALCOLM': 5, 'MURTHERER': 25, 'LADY MACBETH': 12, 'SON': 33, 'SIWARD': 39, 'BANQUO': 10, 'FIRST WITCH': 0, 'LORD': 27, 'FIRST APPARITION': 28, 'PORTER': 15, 'SERGEANT': 6, 'LADY MACDUFF': 32, 'YOUNG SIWARD': 41, 'THIRD': 31, 'ANGUS': 11, 'CAITHNESS': 37, 'GENTLEWOMAN': 35, 'THIRD APPARITION': 30, 'ALL': 3, 'FLEANCE': 14, 'DUNCAN': 4, 'HECATE': 26, 'MACBETH': 9, 'THIRD MURTHERER': 23, 'FIRST MURTHERER': 20, 'SECOND WITCH': 1, 'ATTENDANT': 19, 'SEYTON': 38, 'ROSS': 8}

{0: 23, 1: 14, 2: 11, 3: 13, 4: 20, 5: 37, 6: 3, 7: 21, 8: 39, 9: 148, 10: 33, 11: 4, 12: 62, 13: 6, 14: 2, 15: 4, 16: 59, 17: 3, 18: 4, 19: 1, 20: 20, 21: 7, 22: 5, 23: 6, 24: 3, 25: 1, 26: 2, 27: 3, 28: 1, 29: 2, 30: 1, 31: 1, 32: 19, 33: 14, 34: 20, 35: 12, 36: 5, 37: 3, 38: 5, 39: 11, 40: 1, 41: 3}
=========================================================================================================

=========================================================================================================
Play Number: 19

Speech Act Number Cutoff: 31
Number of Total Speakers: 24

Best model LogisticRegression(C=0.10000000000000001, class_weight=None, dual=False,
          fit_intercept=True, intercept_scaling=1, max_iter=200,
          multi_class='multinomial', penalty='l1', random_state=None,
          solver='lbfgs', tol=0.0001, verbose=1)
64 features selected out of 64 total
F1 mean: 0.16 (+/- 0.03)

Highest and lowest weights in the model

Max: Relativ, 0.395022128172
Min: Sad, -0.279559905368

Max: Death, 0.552949118043
Min: Sexual, -0.378748528249

Max: Ppron, 0.462757328605
Min: Insight, -0.252367092151

Max: SheHe, 0.354660353086
Min: Tentat, -0.336401730703

Max: Relig, 0.302898338452
Min: Body, -0.229121819953

Max: Affect, 0.409616231208
Min: Excl, -0.435417987303

Max: Prep, 0.353451727934
Min: Posemo, -0.204648723516

Max: Motion, 0.330629154531
Min: Humans, -0.289495837774

Max: Excl, 0.673287393118
Min: Negate, -0.255965416674

             precision    recall  f1-score   support

          0       0.52      0.27      0.36        48
          1       0.73      0.26      0.38        31
          3       0.43      0.39      0.41        74
          4       0.48      0.44      0.46        48
          5       0.71      0.21      0.32        48
          6       0.36      0.73      0.48       117
          7       0.86      0.17      0.28        36
          9       0.48      0.49      0.48        79
         11       0.58      0.48      0.53        44

avg / total       0.52      0.44      0.43       525

{'PORTIA': 6, 'SOLANIO': 2, 'SERVANT': 16, 'ARRAGON': 15, 'ANTONIO': 0, 'LAUNCELOT': 11, 'NERISSA': 7, 'JESSICA': 14, 'GRATIANO': 5, 'GOBBO': 12, 'SHYLOCK': 9, 'STEPHANO': 23, 'DUKE OF VENICE': 21, 'SERVINGMAN': 8, 'LORENZO': 4, 'PRINCE OF MOROCCO': 10, 'SALERIO': 1, 'ALL': 19, 'CLERK': 22, 'BASSANIO': 3, 'BALTHASAR': 20, 'TUBAL': 18, 'LEONARDO': 13, 'MAN': 17}

{0: 48, 1: 31, 2: 19, 3: 74, 4: 48, 5: 48, 6: 117, 7: 36, 8: 1, 9: 79, 10: 7, 11: 44, 12: 19, 13: 2, 14: 27, 15: 4, 16: 2, 17: 1, 18: 8, 19: 1, 20: 1, 21: 18, 22: 1, 23: 3}
=========================================================================================================

=========================================================================================================
Play Number: 20

Speech Act Number Cutoff: 50
Number of Total Speakers: 27

Best model LogisticRegression(C=0.20000000000000001, class_weight=None, dual=False,
          fit_intercept=True, intercept_scaling=1, max_iter=200,
          multi_class='multinomial', penalty='l1', random_state=None,
          solver='lbfgs', tol=0.0001, verbose=1)
64 features selected out of 64 total
F1 mean: 0.20 (+/- 0.09)

Highest and lowest weights in the model

Max: Swear, 0.415205287078
Min: Family, -0.645929434631

Max: SheHe, 0.546587842846
Min: Negate, -0.435320765558

Max: Leisure, 0.517786060113
Min: Inhib, -0.613063867383

Max: Inhib, 0.38664922083
Min: Swear, -0.565893759014

Max: Incl, 0.529059283906
Min: Work, -0.529118792958

Max: Insight, 0.827104502867
Min: Anx, -0.45104035016

Max: Sad, 0.631991084475
Min: Posemo, -0.457380507931

Max: Anx, 0.331738032994
Min: Insight, -0.439735753974

Max: Tentat, 0.707113553697
Min: Anx, -0.488700418549

             precision    recall  f1-score   support

          0       0.55      0.36      0.43        59
          1       0.61      0.36      0.45        56
          2       0.48      0.59      0.53        87
          3       0.37      0.26      0.30        74
          4       0.35      0.61      0.44       135
         11       0.65      0.42      0.51        71
         15       0.46      0.44      0.45       104
         16       0.31      0.24      0.27        86
         17       0.42      0.39      0.40        98

avg / total       0.45      0.43      0.42       770

{'SIMPLE': 8, 'PUCK': 25, 'QUICKLY': 11, 'FALSTAFF': 4, 'NYM': 7, 'ROBIN': 18, 'CAIUS': 13, 'EVANS': 2, 'SHALLOW': 0, 'MRS FORD': 16, 'SERVANT': 20, 'FENTON': 14, 'ANNE': 9, 'PISTOL': 6, 'RUGBY': 12, 'SLENDER': 1, 'FORD': 17, 'HOST': 10, 'FAIRY QUEEN': 24, 'THE SONG': 26, 'ALL': 19, 'FIRST SERVANT': 22, 'MRS PAGE': 15, 'BARDOLPH': 5, 'SECOND SERVANT': 23, 'WILLIAM': 21, 'PAGE': 3}

{0: 59, 1: 56, 2: 87, 3: 74, 4: 135, 5: 14, 6: 26, 7: 13, 8: 24, 9: 20, 10: 45, 11: 71, 12: 9, 13: 48, 14: 20, 15: 104, 16: 86, 17: 98, 18: 6, 19: 1, 20: 1, 21: 11, 22: 2, 23: 1, 24: 4, 25: 3, 26: 1}
=========================================================================================================

=========================================================================================================
Play Number: 21

Speech Act Number Cutoff: 25
Number of Total Speakers: 33

Best model LogisticRegression(C=0.40000000000000002, class_weight=None, dual=False,
          fit_intercept=True, intercept_scaling=1, max_iter=200,
          multi_class='multinomial', penalty='l1', random_state=None,
          solver='lbfgs', tol=0.0001, verbose=1)
64 features selected out of 64 total
F1 mean: 0.15 (+/- 0.01)

Highest and lowest weights in the model

Max: We, 0.555966042628
Min: Home, -0.733985517859

Max: Home, 0.847877625736
Min: Work, -0.583573239237

Max: Tentat, 0.814895656748
Min: Future, -0.412801420098

Max: Affect, 0.662637946738
Min: Negemo, -0.491508334523

Max: Negemo, 0.820298577075
Min: You, -0.614962037106

Max: You, 0.568040078071
Min: Quant, -0.701896513105

Max: Money, 0.47622052464
Min: Ppron, -0.607533955635

Max: Work, 0.750928109473
Min: CogMech, -0.467288113725

Max: See, 0.531365329567
Min: Inhib, -0.704205552364

             precision    recall  f1-score   support

          0       0.53      0.54      0.54        48
          3       0.57      0.60      0.59        48
          4       0.40      0.48      0.44        48
          5       0.51      0.43      0.47        51
          6       0.71      0.54      0.62        37
          7       0.43      0.71      0.53        38
          8       0.67      0.66      0.67        50
         14       0.73      0.48      0.58        33
         16       0.80      0.55      0.65        29

avg / total       0.58      0.55      0.56       382

{'MOTH': 23, 'PEASEBLOSSOM': 21, 'PUCK': 14, 'EGEUS': 2, 'HELENA': 6, 'SNUG': 12, 'STARVELING': 10, 'FAIRY': 15, 'BOTTOM': 8, 'HERMIA': 3, 'FLUTE': 9, 'MUSTARDSEED': 24, 'WALL': 27, 'PROLOGUE': 26, 'QUINCE': 7, 'THESEUS': 0, 'THISBY': 29, 'TITANIA': 17, 'SNOUT': 11, 'LYSANDER': 5, 'COBWEB': 22, 'SECOND FAIRY': 20, 'MOONSHINE': 31, 'PYRAMUS': 28, 'ALL': 13, 'DEMETRIUS': 4, 'LION': 30, 'MOON': 32, 'CHORUS': 19, 'FIRST FAIRY': 18, 'HIPPOLYTA': 1, 'PHILOSTRATE': 25, 'OBERON': 16}

{0: 48, 1: 14, 2: 7, 3: 48, 4: 48, 5: 51, 6: 37, 7: 38, 8: 50, 9: 10, 10: 4, 11: 7, 12: 2, 13: 2, 14: 33, 15: 3, 16: 29, 17: 23, 18: 2, 19: 2, 20: 1, 21: 4, 22: 4, 23: 2, 24: 5, 25: 6, 26: 2, 27: 2, 28: 9, 29: 8, 30: 2, 31: 2, 32: 1}
=========================================================================================================

=========================================================================================================
Play Number: 22

Speech Act Number Cutoff: 48
Number of Total Speakers: 22

Best model LogisticRegression(C=0.20000000000000001, class_weight=None, dual=False,
          fit_intercept=True, intercept_scaling=1, max_iter=200,
          multi_class='multinomial', penalty='l1', random_state=None,
          solver='lbfgs', tol=0.0001, verbose=1)
64 features selected out of 64 total
F1 mean: 0.23 (+/- 0.09)

Highest and lowest weights in the model

Max: We, 0.705006769224
Min: Anx, -0.401497481409

Max: Home, 0.637400105543
Min: Work, -0.388276774151

Max: Anx, 0.506458708383
Min: Home, -0.389490029545

Max: Time, 0.292607437184
Min: Affect, -0.344582391593

Max: Affect, 0.441746158853
Min: Leisure, -0.431286542152

Max: Leisure, 0.627403078915
Min: We, -0.681603198994

             precision    recall  f1-score   support

          0       0.43      0.39      0.41       121
          2       0.51      0.37      0.43       107
          4       0.40      0.46      0.43       133
          5       0.44      0.45      0.44       132
          7       0.36      0.46      0.41       125
         15       0.81      0.56      0.66        52

avg / total       0.46      0.44      0.44       670

{'FIRST WATCH': 17, 'BOY': 14, 'BEATRICE': 2, 'VERGES': 16, 'ANTONIO': 8, 'MARGARET': 12, 'LEONATO': 0, 'MESSENGER': 1, 'BOTH': 21, 'DOGBERRY': 15, 'CLAUDIO': 7, 'SECOND WATCH': 18, 'SEXTON': 20, 'JOHN': 6, 'BALTHASAR': 11, 'PEDRO': 4, 'HERO': 3, 'BORACHIO': 10, 'FRIAR': 19, 'URSULA': 13, 'CONRADE': 9, 'BENEDICK': 5}

{0: 121, 1: 17, 2: 107, 3: 44, 4: 133, 5: 132, 6: 41, 7: 125, 8: 22, 9: 22, 10: 38, 11: 10, 12: 26, 13: 19, 14: 2, 15: 52, 16: 18, 17: 5, 18: 15, 19: 16, 20: 7, 21: 1}
=========================================================================================================

=========================================================================================================
Play Number: 23

Speech Act Number Cutoff: 59
Number of Total Speakers: 26

Best model LogisticRegression(C=0.5, class_weight=None, dual=False, fit_intercept=True,
          intercept_scaling=1, max_iter=200, multi_class='ovr',
          penalty='l1', random_state=None, solver='lbfgs', tol=0.0001,
          verbose=1)
64 features selected out of 64 total
F1 mean: 0.20 (+/- 0.06)

Highest and lowest weights in the model

Max: Assent, 0.604717146681
Min: Insight, -1.10507763999

Max: Leisure, 0.765239906577
Min: Prep, -0.559403543528

Max: Present, 0.674111710644
Min: SheHe, -0.566075283311

Max: Percept, 0.726024745419
Min: We, -1.05832868245

Max: Assent, 0.686157712458
Min: Negate, -0.764301327093

Max: We, 0.585233447501
Min: They, -0.992457640647

             precision    recall  f1-score   support

          0       0.86      0.10      0.18        59
          1       0.44      0.57      0.50       272
          3       0.42      0.68      0.52       275
          4       0.58      0.14      0.22       110
         12       0.46      0.34      0.39       166
         18       0.46      0.13      0.20       103

avg / total       0.48      0.44      0.40       985

{'RODERIGO': 0, 'DUKE': 6, 'GENTLEMEN': 22, 'SAILOR': 9, 'CASSIO': 4, 'BRABANTIO': 2, 'FOURTH GENTLEMAN': 17, 'FIRST GENTLEMAN': 14, 'GRATIANO': 25, 'HERALD': 19, 'FIRST MUSICIAN': 21, 'FIRST OFFICER': 5, 'DESDEMONA': 12, 'SECOND SENATOR': 8, 'FIRST SENATOR': 7, 'LODOVICO': 24, 'CLOWN': 20, 'IAGO': 1, 'MESSENGER': 10, 'SECOND GENTLEMAN': 15, 'BIANCA': 23, 'ALL': 11, 'THIRD GENTLEMAN': 16, 'OTHELLO': 3, 'EMILIA': 18, 'MONTANO': 13}

{0: 59, 1: 272, 2: 30, 3: 275, 4: 110, 5: 3, 6: 24, 7: 7, 8: 1, 9: 2, 10: 2, 11: 4, 12: 166, 13: 24, 14: 1, 15: 5, 16: 4, 17: 1, 18: 103, 19: 1, 20: 14, 21: 5, 22: 1, 23: 15, 24: 33, 25: 19}
=========================================================================================================

=========================================================================================================
Play Number: 24

Speech Act Number Cutoff: 27
Number of Total Speakers: 36

Best model LogisticRegression(C=0.10000000000000001, class_weight=None, dual=False,
          fit_intercept=True, intercept_scaling=1, max_iter=200,
          multi_class='multinomial', penalty='l1', random_state=None,
          solver='lbfgs', tol=0.0001, verbose=1)
64 features selected out of 64 total
F1 mean: 0.13 (+/- 0.02)

Highest and lowest weights in the model

Max: Ppron, 0.513947644452
Min: Ipron, -0.306127515073

Max: Health, 0.28739083954
Min: Inhib, -0.404852558032

Max: We, 0.318190570918
Min: Verbs, -0.278917964699

Max: Filler, 0.245235136811
Min: Health, -0.351974696186

Max: Anger, 0.281742454997
Min: Anx, -0.464017968816

Max: Ipron, 0.255043485937
Min: Home, -0.376382375764

Max: Health, 0.298365578951
Min: Prep, -0.309002984039

             precision    recall  f1-score   support

          0       0.59      0.63      0.61        98
          1       0.85      0.39      0.54        28
          2       0.42      0.70      0.52        89
          6       0.45      0.37      0.41        38
         12       0.59      0.43      0.49        54
         14       0.64      0.37      0.47        38
         32       0.71      0.36      0.48        28

avg / total       0.57      0.53      0.52       373

{'SERVANT': 27, 'BOLINGBROKE': 2, 'GARDENER': 26, 'AUMERLE': 6, 'BERKELEY': 20, 'DUCHESS OF YORK': 32, 'MARSHAL': 5, 'DUCHESS OF GLOUCESTER': 4, 'CARLISLE': 23, 'EXTON': 33, 'MOWBRAY': 3, 'NORTHUMBERLAND': 14, 'SCROOP': 24, 'PERCY': 19, 'FITZWATER': 28, 'ABBOT': 31, 'SECOND HERALD': 8, 'SURREY': 30, 'GROOM': 34, 'SERVINGMAN': 17, 'GAUNT': 1, 'WILLOUGHBY': 16, 'YORK': 12, 'KEEPER': 35, 'LADY': 25, 'ANOTHER LORD': 29, 'ALL': 11, 'QUEEN': 13, 'KING RICHARD': 0, 'SALISBURY': 22, 'GREEN': 9, 'BAGOT': 18, 'CAPTAIN': 21, 'FIRST HERALD': 7, 'BUSHY': 10, 'ROSS': 15}

{0: 98, 1: 28, 2: 89, 3: 13, 4: 4, 5: 10, 6: 38, 7: 1, 8: 1, 9: 10, 10: 13, 11: 1, 12: 54, 13: 25, 14: 38, 15: 11, 16: 8, 17: 3, 18: 6, 19: 12, 20: 2, 21: 2, 22: 3, 23: 6, 24: 6, 25: 6, 26: 6, 27: 5, 28: 6, 29: 1, 30: 3, 31: 2, 32: 28, 33: 6, 34: 4, 35: 4}
=========================================================================================================

=========================================================================================================
Play Number: 25

Speech Act Number Cutoff: 53
Number of Total Speakers: 70

Best model LogisticRegression(C=0.10000000000000001, class_weight=None, dual=False,
          fit_intercept=True, intercept_scaling=1, max_iter=200,
          multi_class='ovr', penalty='l1', random_state=None,
          solver='lbfgs', tol=0.0001, verbose=1)
64 features selected out of 64 total
F1 mean: 0.33 (+/- 0.09)

Highest and lowest weights in the model

Max: Work, 0.281408688421
Min: Insight, -0.496797246007

Max: They, 0.460660083393
Min: Social, -0.382507109617

Max: Insight, 0.638330074831
Min: Prep, -0.459720446206

             precision    recall  f1-score   support

          0       0.66      0.98      0.79       295
          9       0.84      0.17      0.28        96
         11       0.81      0.23      0.36        91

avg / total       0.72      0.67      0.60       482

{'FIRST CITIZEN': 26, 'DAUGHTER OF CLARENCE': 24, 'PURSUIVANT': 35, 'SHERIFF': 51, 'BOTH MURDERERS': 20, 'LOVEL': 41, 'GHOST OF GREY': 62, 'HERBERT': 54, 'GENTLEMEN': 6, 'BUCKINGHAM': 11, 'GHOST OF ANNE': 67, 'MESSENGER': 31, 'BRAKENBURY': 2, 'DUCHESS OF YORK': 23, 'NORFOLK': 57, 'GHOST OF PRINCE EDWARD': 58, 'DORSET': 14, 'GHOST OF VAUGHAN': 63, 'RATCLIFF': 38, 'SON OF CLARENCE': 22, 'RICHMOND': 52, 'SECOND CITIZEN': 27, 'GHOST OF HASTINGS': 65, 'GHOST OF RIVERS': 61, 'SECOND MESSENGER': 47, 'CATESBY': 15, 'ARCHBISHOP OF YORK': 29, 'GHOSTS OF YOUNG PRINCES': 66, 'FIRST GENTLEMAN': 5, 'GREY': 8, 'SECOND MURDERER': 19, 'DUCHESS': 46, 'KING EDWARD': 21, 'TYRREL': 45, 'QUEEN ELIZABETH': 9, 'THIRD MESSENGER': 48, 'OXFORD': 53, 'STANLEY': 12, 'ANNE': 4, 'BISHOP OF ELY': 40, 'GHOST OF CLARENCE': 60, 'MAYOR': 33, 'HASTINGS': 3, 'SURREY': 56, 'URSWICK': 50, 'CLARENCE': 1, 'LORDS': 69, 'SCRIVENER': 42, 'CHILDREN OF CLARENCE': 25, 'RIVERS': 7, 'FIRST MURDERER': 18, 'YORK': 30, 'DERBY': 39, 'KEEPER': 17, 'GHOSTS': 64, 'RIVER': 10, 'BLUNT': 55, 'THIRD CITIZEN': 28, 'FOURTH MESSENGER': 49, 'ALL': 43, 'GHOST OF BUCKINGHAM': 68, 'QUEEN MARGARET': 13, 'GHOST OF HENRY THE SIXTH': 59, 'PRIEST': 36, 'CARDINAL': 34, 'PRINCE OF WALES': 32, 'VAUGHAN': 37, 'PAGE': 44, 'MURDERERS': 16, 'GLOUCESTER': 0}

{0: 295, 1: 32, 2: 11, 3: 43, 4: 50, 5: 1, 6: 1, 7: 18, 8: 7, 9: 96, 10: 1, 11: 91, 12: 26, 13: 33, 14: 8, 15: 28, 16: 3, 17: 6, 18: 33, 19: 28, 20: 1, 21: 12, 22: 6, 23: 43, 24: 3, 25: 3, 26: 7, 27: 6, 28: 9, 29: 6, 30: 21, 31: 13, 32: 18, 33: 8, 34: 2, 35: 3, 36: 2, 37: 1, 38: 19, 39: 8, 40: 4, 41: 2, 42: 1, 43: 1, 44: 3, 45: 10, 46: 1, 47: 1, 48: 3, 49: 1, 50: 2, 51: 2, 52: 14, 53: 1, 54: 1, 55: 3, 56: 1, 57: 8, 58: 1, 59: 1, 60: 1, 61: 1, 62: 1, 63: 1, 64: 1, 65: 1, 66: 1, 67: 1, 68: 1, 69: 3}
=========================================================================================================

=========================================================================================================
Play Number: 26

Speech Act Number Cutoff: 42
Number of Total Speakers: 37

Best model LogisticRegression(C=0.10000000000000001, class_weight=None, dual=False,
          fit_intercept=True, intercept_scaling=1, max_iter=200,
          multi_class='multinomial', penalty='l1', random_state=None,
          solver='lbfgs', tol=0.0001, verbose=1)
64 features selected out of 64 total
F1 mean: 0.21 (+/- 0.04)

Highest and lowest weights in the model

Max: Body, 0.324181577973
Min: Pronoun, -0.323095331695

Max: We, 0.377822175931
Min: Body, -0.336386042114

Max: Negemo, 0.269961263768
Min: Insight, -0.287343517909

Max: Insight, 0.351722926057
Min: Swear, -0.496318086171

Max: Excl, 0.372790961457
Min: Work, -0.66004743364

Max: Relig, 0.293048575032
Min: Excl, -0.614689941698

Max: Affect, 0.479925840385
Min: We, -0.351445831247

Max: SheHe, 0.353424733532
Min: Death, -0.235554662721

             precision    recall  f1-score   support

          4       0.33      0.19      0.24        64
          8       0.71      0.38      0.50        52
          9       1.00      0.10      0.17        42
         13       0.38      0.74      0.50       163
         16       0.48      0.45      0.47        91
         17       0.45      0.45      0.45       117
         18       0.63      0.35      0.45        62
         23       0.57      0.23      0.33        56

avg / total       0.51      0.44      0.42       647

{'BOY': 33, 'SAMPSON': 1, 'TYBALT': 5, 'LADY CAPULET': 9, 'MONTAGUE': 10, 'APOTHECARY': 30, 'NURSE': 16, 'ABRAM': 3, 'CAPULET': 8, 'SECOND WATCH': 35, 'ROMEO': 13, 'SECOND MUSICIAN': 27, 'FIRST MUSICIAN': 26, 'THIRD WATCH': 36, 'FRIAR JOHN': 31, 'PETER': 24, 'LADY MONTAGUE': 11, 'MERCUTIO': 18, 'THIRD MUSICIAN': 28, 'PARIS': 14, 'THIRD SERVANT': 21, 'FRIAR LAURENCE': 23, 'FELLOW': 25, 'OFFICER': 6, 'GREGORY': 2, 'PRINCE': 12, 'JULIET': 17, 'SERVINGMAN': 15, 'FIRST SERVANT': 19, 'CHIEF WATCH': 34, 'CITIZENS': 7, 'SECOND SERVANT': 20, 'OTHER CAPULET': 22, 'CHORUS': 0, 'BALTHASAR': 29, 'PAGE': 32, 'BENVOLIO': 4}

{0: 2, 1: 20, 2: 15, 3: 5, 4: 64, 5: 17, 6: 1, 7: 3, 8: 52, 9: 42, 10: 10, 11: 2, 12: 15, 13: 163, 14: 23, 15: 12, 16: 91, 17: 117, 18: 62, 19: 3, 20: 2, 21: 1, 22: 2, 23: 56, 24: 13, 25: 2, 26: 11, 27: 2, 28: 1, 29: 12, 30: 4, 31: 4, 32: 2, 33: 2, 34: 5, 35: 1, 36: 1}
=========================================================================================================

=========================================================================================================
Play Number: 27

Speech Act Number Cutoff: 41
Number of Total Speakers: 34

Best model LogisticRegression(C=0.20000000000000001, class_weight=None, dual=False,
          fit_intercept=True, intercept_scaling=1, max_iter=200,
          multi_class='ovr', penalty='l1', random_state=None,
          solver='lbfgs', tol=0.0001, verbose=1)
64 features selected out of 64 total
F1 mean: 0.14 (+/- 0.06)

Highest and lowest weights in the model

Max: Affect, 0.487128256264
Min: Death, -0.546897524978

Max: Ppron, 0.560767408114
Min: We, -0.58668970954

Max: Negemo, 0.336232886236
Min: SheHe, -0.448666163951

Max: Negemo, 0.548314955036
Min: Relativ, -0.529974458067

Max: Hear, 0.440080023118
Min: Friends, -0.493472416783

Max: Incl, 0.473734308829
Min: Motion, -0.690701094215

Max: Relig, 0.413283008245
Min: Negemo, -0.489034800331

Max: Humans, 0.637828372143
Min: Quant, -0.616782082787

             precision    recall  f1-score   support

         13       0.37      0.83      0.51       158
         14       0.58      0.30      0.39        61
         15       0.53      0.16      0.25        62
         16       0.56      0.20      0.30        49
         17       0.20      0.05      0.08        43
         18       0.48      0.27      0.34        75
         21       0.39      0.38      0.39        78
         22       0.54      0.32      0.40        65

avg / total       0.45      0.41      0.37       591

{'CURTIS': 23, 'TRANIO': 18, 'HOSTESS': 1, 'SERVANT': 5, 'PLAYERS': 6, 'TAILOR': 31, 'MESSENGER': 12, 'HORTENSIO': 15, 'BAPTISTA': 22, 'GREMIO': 16, 'BIONDELLO': 19, 'LORD': 2, 'NICHOLAS': 27, 'JOSEPH': 26, 'GRUMIO': 14, 'SLY': 0, 'THIRD SERVANT': 9, 'BIANCA': 20, 'PHILIP': 25, 'VINCENTIO': 32, 'NATHANIEL': 24, 'WIDOW': 33, 'ALL': 10, 'PETER': 28, 'FIRST SERVANT': 7, 'PEDANT': 29, 'SECOND HUNTSMAN': 4, 'SECOND SERVANT': 8, 'KATHERINA': 21, 'FIRST HUNTSMAN': 3, 'LUCENTIO': 17, 'HABERDASHER': 30, 'PETRUCHIO': 13, 'PAGE': 11}

{0: 24, 1: 3, 2: 18, 3: 4, 4: 2, 5: 3, 6: 4, 7: 6, 8: 4, 9: 4, 10: 1, 11: 8, 12: 1, 13: 158, 14: 61, 15: 62, 16: 49, 17: 43, 18: 75, 19: 36, 20: 28, 21: 78, 22: 65, 23: 20, 24: 4, 25: 1, 26: 1, 27: 1, 28: 2, 29: 20, 30: 1, 31: 12, 32: 23, 33: 8}
=========================================================================================================

=========================================================================================================
Play Number: 28

Speech Act Number Cutoff: 32
Number of Total Speakers: 19

Best model LogisticRegression(C=0.10000000000000001, class_weight=None, dual=False,
          fit_intercept=True, intercept_scaling=1, max_iter=200,
          multi_class='multinomial', penalty='l1', random_state=None,
          solver='lbfgs', tol=0.0001, verbose=1)
64 features selected out of 64 total
F1 mean: 0.14 (+/- 0.05)

Highest and lowest weights in the model

Max: Humans, 0.28417051213
Min: Bio, -0.489927130057

Max: Inhib, 0.216408117992
Min: Hear, -0.322732744547

Max: Excl, 0.396773424222
Min: Friends, -0.327299094144

Max: Tentat, 0.330608321748
Min: Home, -0.387580880568

Max: We, 0.588035889566
Min: Tentat, -0.32586654164

Max: Tentat, 0.35615292553
Min: Prep, -0.348097429466

Max: Excl, 0.368444256066
Min: Anx, -0.41375296362

Max: See, 0.386843173456
Min: Future, -0.283490189281

Max: Incl, 0.370686541003
Min: Ppron, -0.277160331007

Max: Discrep, 0.390395738456
Min: Negate, -0.387183709425

             precision    recall  f1-score   support

          2       0.54      0.17      0.26        40
          3       0.32      0.19      0.24        59
          4       0.45      0.33      0.38        52
          5       0.29      0.75      0.42        67
          7       0.46      0.37      0.41        51
          8       0.48      0.70      0.57       113
          9       0.50      0.15      0.23        47
         10       0.49      0.34      0.40        50
         14       0.57      0.21      0.30        39
         15       0.57      0.52      0.54        60

avg / total       0.46      0.43      0.40       578

{'IRIS': 16, 'CALIBAN': 10, 'JUNO': 18, 'ADRIAN': 12, 'ALONSO': 2, 'CERES': 17, 'GONZALO': 4, 'ANTONIO': 3, 'PROSPERO': 8, 'FRANCISCO': 13, 'MASTER': 0, 'STEPHANO': 15, 'MIRANDA': 7, 'MARINERS': 6, 'BOATSWAIN': 1, 'FERDINAND': 11, 'SEBASTIAN': 5, 'TRINCULO': 14, 'ARIEL': 9}

{0: 2, 1: 12, 2: 40, 3: 59, 4: 52, 5: 67, 6: 1, 7: 51, 8: 113, 9: 47, 10: 50, 11: 31, 12: 9, 13: 2, 14: 39, 15: 60, 16: 4, 17: 4, 18: 2}
=========================================================================================================

=========================================================================================================
Play Number: 29

Speech Act Number Cutoff: 37
Number of Total Speakers: 58

Best model LogisticRegression(C=0.10000000000000001, class_weight=None, dual=False,
          fit_intercept=True, intercept_scaling=1, max_iter=200,
          multi_class='ovr', penalty='l1', random_state=None,
          solver='lbfgs', tol=0.0001, verbose=1)
64 features selected out of 64 total
F1 mean: 0.27 (+/- 0.09)

Highest and lowest weights in the model

Max: You, 0.327178581366
Min: Insight, -0.402803149642

Max: Ipron, 0.361924555036
Min: Ppron, -0.270400795768

Max: Filler, 0.407694289466
Min: I, -0.232840945391

Max: Insight, 0.578819478585
Min: Filler, -0.222231806687

             precision    recall  f1-score   support

          4       0.59      0.94      0.72       210
          8       0.55      0.16      0.25       100
          9       0.88      0.18      0.30        38
         18       1.00      0.33      0.49        40

avg / total       0.65      0.60      0.54       388

{'ALL SERVANTS': 25, 'SERVILIUS': 35, 'VENTIDIUS': 12, 'ALCIBIADES': 9, 'SERVANT': 14, 'THIRD LORD': 13, 'CUPID': 15, 'FIRST BANDIT': 51, 'SENATORS': 57, 'MESSENGER': 5, 'LUCULLIUS': 31, 'JEWELLER': 3, 'TIMANDRA': 49, 'LORDS': 22, 'FLAMINIUS': 29, 'FIRST LADY': 16, 'SECOND STRANGER': 34, 'PHRYNIA AND TIMANDRA': 50, 'LUCIUS': 32, 'FIRST SENATOR': 41, 'SERVANTS': 28, 'SECOND BANDIT': 52, 'LUCILIUS': 7, 'SECOND SENATOR': 42, 'HORTENSIUS': 39, 'PAINTER': 1, 'LUCULLUS': 30, 'MERCHANT': 2, 'FIRST LORD': 10, 'LADIES': 17, 'THIRD STRANGER': 36, 'FOURTH LORD': 46, 'THIRD BANDIT': 53, 'THIRD SERVANT': 21, 'TITUS': 38, 'THIRD SENATOR': 43, 'APEMANTUS': 8, 'BANDITTI': 54, 'FLAVIUS': 18, 'ATTENDANTS': 45, 'SENATOR': 23, 'SECOND LORD': 11, 'PHRYNIA': 48, 'TIMON': 4, 'ALL': 19, 'FIRST SERVANT': 47, 'SOLDIER': 56, 'BOTH': 55, 'FOOL': 26, 'SECOND SERVANT': 20, 'PAGE': 27, 'PHILOTUS': 40, 'CAPHIS': 24, 'FIRST STRANGER': 33, 'POET': 0, 'SEMPRONIUS': 37, 'OLD ATHENIAN': 6, 'FIRST AND SECOND LORDS': 44}

{0: 30, 1: 30, 2: 8, 3: 8, 4: 210, 5: 6, 6: 10, 7: 3, 8: 100, 9: 38, 10: 27, 11: 28, 12: 2, 13: 12, 14: 9, 15: 1, 16: 1, 17: 1, 18: 40, 19: 1, 20: 2, 21: 2, 22: 1, 23: 4, 24: 14, 25: 4, 26: 9, 27: 4, 28: 2, 29: 11, 30: 5, 31: 1, 32: 10, 33: 4, 34: 3, 35: 8, 36: 1, 37: 2, 38: 12, 39: 6, 40: 6, 41: 27, 42: 14, 43: 2, 44: 1, 45: 2, 46: 3, 47: 2, 48: 1, 49: 3, 50: 3, 51: 5, 52: 4, 53: 3, 54: 4, 55: 6, 56: 2, 57: 1}
=========================================================================================================

=========================================================================================================
Play Number: 30

Speech Act Number Cutoff: 28
Number of Total Speakers: 27

Best model LogisticRegression(C=0.10000000000000001, class_weight=None, dual=False,
          fit_intercept=True, intercept_scaling=1, max_iter=200,
          multi_class='ovr', penalty='l1', random_state=None,
          solver='lbfgs', tol=0.0001, verbose=1)
64 features selected out of 64 total
F1 mean: 0.16 (+/- 0.09)

Highest and lowest weights in the model

Max: Anx, 0.270407689253
Min: Social, -0.299604432464

Max: Assent, 0.294265280784
Min: Numbers, -0.34049650648

Max: Work, 0.324094734459
Min: Leisure, -0.276734402852

Max: Future, 0.302723893652
Min: Inhib, -0.253264681302

Max: You, 0.328707744595
Min: Motion, -0.381664846

Max: Past, 0.344199193378
Min: Insight, -0.3640540339

Max: Inhib, 0.405356640815
Min: Insight, -0.323044040687

Max: Insight, 0.376205504371
Min: Humans, -0.372364760751

             precision    recall  f1-score   support

          0       0.46      0.12      0.20        48
          2       0.43      0.49      0.46        65
          4       0.40      0.86      0.54       118
          5       0.39      0.22      0.28        51
          6       0.58      0.29      0.38        49
          7       0.75      0.10      0.18        30
          8       0.53      0.23      0.32        39
         15       0.57      0.42      0.48        57

avg / total       0.48      0.44      0.40       457

{'BOY': 17, 'GOTHS': 23, 'FIRST GOTH': 22, 'AEMILIUS': 21, 'GOTH': 25, 'ROMAN': 26, 'TAMORA': 6, 'NURSE': 18, 'BASSIANUS': 1, 'MARTIUS': 13, 'LUCIUS': 5, 'MUTIUS': 11, 'TRIBUNES': 10, 'SECOND GOTH': 24, 'CHIRON': 7, 'TITUS': 4, 'SATURNINUS': 0, 'CLOWN': 20, 'AARON': 15, 'PUBLIUS': 19, 'LAVINIA': 9, 'QUINTUS': 12, 'MARCUS': 2, 'ALL': 14, 'DEMETRIUS': 8, 'MESSENGER': 16, 'CAPTAIN': 3}

{0: 48, 1: 14, 2: 65, 3: 1, 4: 118, 5: 51, 6: 49, 7: 30, 8: 39, 9: 15, 10: 1, 11: 3, 12: 10, 13: 10, 14: 3, 15: 57, 16: 1, 17: 11, 18: 10, 19: 5, 20: 12, 21: 4, 22: 3, 23: 1, 24: 1, 25: 2, 26: 1}
=========================================================================================================

=========================================================================================================
Play Number: 31

Speech Act Number Cutoff: 57
Number of Total Speakers: 29

Best model LogisticRegression(C=0.10000000000000001, class_weight=None, dual=False,
          fit_intercept=True, intercept_scaling=1, max_iter=200,
          multi_class='ovr', penalty='l1', random_state=None,
          solver='lbfgs', tol=0.0001, verbose=1)
64 features selected out of 64 total
F1 mean: 0.22 (+/- 0.04)

Highest and lowest weights in the model

Max: Insight, 0.286832197466
Min: Swear, -0.417223952524

Max: Humans, 0.475872454168
Min: Numbers, -0.560096716638

Max: Home, 0.297941188761
Min: Work, -0.410732477156

Max: See, 0.357843464909
Min: Sexual, -0.275734276495

Max: Sexual, 0.412088580979
Min: CogMech, -0.448384971804

Max: Pronoun, 0.298308203519
Min: Past, -0.372821823325

Max: Assent, 0.304459693629
Min: Past, -0.365064379712

             precision    recall  f1-score   support

          0       0.43      0.33      0.37       131
          1       0.46      0.64      0.54       153
          3       0.30      0.59      0.40       153
          8       0.64      0.23      0.33        80
         11       0.48      0.33      0.39        90
         12       0.55      0.08      0.14        74
         15       0.61      0.19      0.29        57

avg / total       0.46      0.40      0.38       738

{'BOY': 5, 'SERVANT': 20, 'MYRMIDON': 27, 'MENELAUS': 9, 'SOLDIERS': 28, 'HELENUS': 16, 'ULYSSES': 8, 'HECTOR': 15, 'DIOMEDES': 19, 'TROILUS': 0, 'NESTOR': 7, 'ANDROMACHE': 25, 'AENEAS': 2, 'PARIS': 18, 'CALCHAS': 22, 'AJAX': 10, 'ACHILLES': 12, 'THERSITES': 11, 'MARGARELON': 26, 'ALL': 24, 'AGAMEMNON': 6, 'PATROCLUS': 13, 'PANDARUS': 1, 'PRIAM': 14, 'HELEN': 21, 'DEIPHOBUS': 23, 'ALEXANDER': 4, 'CRESSIDA': 3, 'CASSANDRA': 17}

{0: 131, 1: 153, 2: 44, 3: 153, 4: 8, 5: 3, 6: 53, 7: 38, 8: 80, 9: 11, 10: 55, 11: 90, 12: 74, 13: 38, 14: 6, 15: 57, 16: 1, 17: 13, 18: 27, 19: 54, 20: 15, 21: 19, 22: 4, 23: 2, 24: 2, 25: 6, 26: 3, 27: 1, 28: 1}
=========================================================================================================

=========================================================================================================
Play Number: 32

Speech Act Number Cutoff: 46
Number of Total Speakers: 18

Best model LogisticRegression(C=0.10000000000000001, class_weight=None, dual=False,
          fit_intercept=True, intercept_scaling=1, max_iter=200,
          multi_class='ovr', penalty='l1', random_state=None,
          solver='lbfgs', tol=0.0001, verbose=1)
64 features selected out of 64 total
F1 mean: 0.17 (+/- 0.01)

Highest and lowest weights in the model

Max: Feel, 0.476341566812
Min: Article, -0.303608187292

Max: Prep, 0.412809824568
Min: Discrep, -0.370795320788

Max: Anx, 0.436789874799
Min: Home, -0.402458405662

Max: See, 0.397936281916
Min: Feel, -0.280387108331

Max: Bio, 0.457425900632
Min: Future, -0.462705037062

Max: Excl, 0.418451983176
Min: See, -0.540645112451

Max: Insight, 0.430935893333
Min: You, -0.406962657261

Max: Relig, 0.231722346624
Min: Work, -0.314690661555

Max: Family, 0.323868274371
Min: Excl, -0.384360136969

             precision    recall  f1-score   support

          0       0.69      0.31      0.43        58
          3       0.40      0.39      0.40       122
          5       0.31      0.72      0.43       152
          6       0.55      0.10      0.17        59
          7       0.41      0.41      0.41        88
          8       0.54      0.43      0.48        99
          9       0.39      0.42      0.40       120
         10       0.41      0.14      0.21        87
         13       0.80      0.08      0.14        51

avg / total       0.46      0.39      0.37       836

{'ANTONIO': 11, 'DUKE': 0, 'SECOND OFFICER': 16, 'CURIO': 1, 'SEBASTIAN': 12, 'MALVOLIO': 10, 'SIR TOBY': 5, 'VALENTINE': 2, 'AGUECHEEK': 7, 'FABIAN': 13, 'OLIVIA': 9, 'CLOWN': 8, 'VIOLA': 3, 'FIRST OFFICER': 15, 'CAPTAIN': 4, 'PRIEST': 17, 'SERVANT': 14, 'MARIA': 6}

{0: 58, 1: 4, 2: 3, 3: 122, 4: 10, 5: 152, 6: 59, 7: 88, 8: 99, 9: 120, 10: 87, 11: 27, 12: 31, 13: 51, 14: 1, 15: 5, 16: 3, 17: 1}
=========================================================================================================

=========================================================================================================
Play Number: 33

Speech Act Number Cutoff: 42
Number of Total Speakers: 17

Best model LogisticRegression(C=0.90000000000000002, class_weight=None, dual=False,
          fit_intercept=True, intercept_scaling=1, max_iter=200,
          multi_class='ovr', penalty='l1', random_state=None,
          solver='lbfgs', tol=0.0001, verbose=1)
64 features selected out of 64 total
F1 mean: 0.14 (+/- 0.03)

Highest and lowest weights in the model

Max: Filler, 0.742214366651
Min: See, -0.750189641386

Max: Leisure, 1.08620054559
Min: Discrep, -0.714131385141

Max: Ppron, 0.878432039769
Min: Insight, -1.06055877144

Max: Posemo, 0.855982924721
Min: Leisure, -1.61970677088

Max: Work, 1.16116179142
Min: Swear, -0.929511142868

Max: Relig, 1.07695392478
Min: You, -1.39025154728

Max: Motion, 1.23537652851
Min: Ingest, -1.03357198957

Max: We, 1.3550126077
Min: Relig, -1.19000694598

             precision    recall  f1-score   support

          0       0.41      0.54      0.47       149
          1       0.42      0.45      0.43       149
          2       0.36      0.58      0.45       117
          3       0.48      0.36      0.41       107
          4       0.55      0.25      0.34        48
          7       0.59      0.28      0.38        58
          8       0.52      0.35      0.42        68
         10       0.64      0.29      0.40        48

avg / total       0.46      0.43      0.43       744

{'DUKE': 10, 'SILVIA': 7, 'JULIA': 3, 'ANTONIO': 5, 'OUTLAWS': 16, 'EGLAMOUR': 15, 'HOST': 14, 'PROTEUS': 1, 'FIRST OUTLAW': 11, 'SECOND OUTLAW': 12, 'PANTHINO': 6, 'THIRD OUTLAW': 13, 'LUCETTA': 4, 'VALENTINE': 0, 'SPEED': 2, 'LAUNCE': 8, 'THURIO': 9}

{0: 149, 1: 149, 2: 117, 3: 107, 4: 48, 5: 11, 6: 14, 7: 58, 8: 68, 9: 36, 10: 48, 11: 11, 12: 11, 13: 7, 14: 16, 15: 8, 16: 1}
=========================================================================================================

=========================================================================================================
Play Number: 34

Speech Act Number Cutoff: 37
Number of Total Speakers: 34

Best model LogisticRegression(C=0.20000000000000001, class_weight=None, dual=False,
          fit_intercept=True, intercept_scaling=1, max_iter=200,
          multi_class='multinomial', penalty='l1', random_state=None,
          solver='lbfgs', tol=0.0001, verbose=1)
64 features selected out of 64 total
F1 mean: 0.17 (+/- 0.03)

Highest and lowest weights in the model

Max: Ipron, 0.703302605564
Min: Anx, -0.423863039476

Max: Relativ, 0.475538058754
Min: Excl, -0.529789353287

Max: Work, 0.411122051092
Min: Humans, -0.442695272094

Max: Insight, 0.435043029662
Min: Friends, -0.585687298076

Max: Excl, 0.621678800072
Min: Ppron, -0.543553445409

Max: Achiev, 0.386054448963
Min: Negemo, -0.683194145445

Max: Excl, 0.476159647009
Min: Sad, -0.59439275207

Max: Past, 0.421548668863
Min: Discrep, -0.404615855112

             precision    recall  f1-score   support

          1       0.53      0.39      0.45        72
          2       0.70      0.40      0.51        57
          3       0.41      0.76      0.53       125
         10       0.68      0.44      0.54        59
         21       0.58      0.33      0.42        42
         22       0.55      0.53      0.54        64
         24       0.55      0.55      0.55        65
         25       0.55      0.27      0.36        45

avg / total       0.55      0.51      0.50       529

{'AUTOLYCUS': 24, 'SHEPHERD': 21, 'SERVANT': 16, 'ARCHIDAMUS': 0, 'GENTLEMAN': 29, 'SECOND LADY': 7, 'PERDITA': 26, 'MARINER': 20, 'MOPSA': 28, 'LORDS': 15, 'FIRST LADY': 6, 'POLIXENES': 2, 'FIRST GENTLEMAN': 31, 'DORCAS': 27, 'HERMIONE': 4, 'LORD': 30, 'FLORIZEL': 25, 'MAMILLIUS': 5, 'FIRST LORD': 8, 'LEONTES': 3, 'DION': 18, 'CLEOMENES': 17, 'OFFICER': 19, 'SECOND GENTLEMAN': 32, 'CAMILLO': 1, 'PAULINA': 10, 'FIRST SERVANT': 13, 'THIRD GENTLEMAN': 33, 'SECOND SERVANT': 14, 'CLOWN': 22, 'TIME': 23, 'EMILIA': 12, 'GAOLER': 11, 'ANTIGONUS': 9}

{0: 7, 1: 72, 2: 57, 3: 125, 4: 35, 5: 13, 6: 4, 7: 3, 8: 14, 9: 19, 10: 59, 11: 6, 12: 4, 13: 2, 14: 1, 15: 2, 16: 10, 17: 7, 18: 4, 19: 5, 20: 3, 21: 42, 22: 64, 23: 1, 24: 65, 25: 45, 26: 25, 27: 11, 28: 13, 29: 5, 30: 4, 31: 6, 32: 4, 33: 6}
=========================================================================================================

=========================================================================================================
Play Number: 35

Speech Act Number Cutoff: 44
Number of Total Speakers: 23

Best model LogisticRegression(C=0.10000000000000001, class_weight=None, dual=False,
          fit_intercept=True, intercept_scaling=1, max_iter=200,
          multi_class='ovr', penalty='l1', random_state=None,
          solver='lbfgs', tol=0.0001, verbose=1)
64 features selected out of 64 total
F1 mean: 0.15 (+/- 0.04)

Highest and lowest weights in the model

Max: Numbers, 0.356134623669
Min: Swear, -0.560501593883

Max: Sexual, 0.301848804438
Min: Conj, -0.350736976566

Max: Health, 0.216680533543
Min: You, -0.248922223458

Max: Percept, 0.322236868829
Min: Prep, -0.329538248202

Max: Excl, 0.894551837343
Min: Insight, -0.340995811539

Max: Prep, 0.416640324084
Min: Tentat, -0.263142937605

Max: We, 0.520720051697
Min: Excl, -0.429685692692

             precision    recall  f1-score   support

          0       0.40      0.82      0.53       193
          1       0.48      0.13      0.20        78
          2       0.47      0.19      0.27        83
          3       0.38      0.23      0.29       110
          7       0.77      0.38      0.51        60
          9       0.67      0.12      0.21        65
         11       0.40      0.48      0.44       129

avg / total       0.47      0.42      0.38       718

{'DUKE': 0, 'BARNARDINE': 21, 'SERVANT': 16, 'FIRST GENTLEMAN': 4, 'POMPEY': 7, 'MESSENGER': 20, 'ELBOW': 13, 'ISABELLA': 11, 'ESCALUS': 1, 'FRIAR THOMAS': 10, 'CLAUDIO': 8, 'PROVOST': 9, 'PETER': 22, 'MRS OVERDONE': 6, 'JUSTICE': 15, 'SECOND GENTLEMAN': 5, 'ABHORSON': 19, 'JULIET': 17, 'ANGELO': 2, 'LUCIO': 3, 'FROTH': 14, 'MARIANA': 18, 'FRANCISCA': 12}

{0: 193, 1: 78, 2: 83, 3: 110, 4: 14, 5: 8, 6: 15, 7: 60, 8: 35, 9: 65, 10: 3, 11: 129, 12: 2, 13: 28, 14: 8, 15: 3, 16: 3, 17: 7, 18: 24, 19: 13, 20: 1, 21: 7, 22: 6}
=========================================================================================================

